2024-06-19 06:27:26 +0000  Initial pipeline context: <IDEDistributionProcessingPipelineContext: 0x7f9c57ad2810; archive(resolved)="<IDEArchive: 0x600034d1dbc0>", distributionTask(resolved)="2", distributionDestination(resolved)="1", distributionMethod(resolved)="<IDEDistributionMethodDevelopmentSigned: 0x60004e4d0150>", team(resolved)="<IDEProvisioningDisambiguatableBasicTeam: 0x600007967580; teamID='3LY66YU3WN', teamName='Vladislav Ivanyuk', teamType='Individual', username='vl.ivanyuk@icloud.com', isFreeProvisioningTeam='0'>">
	Chain (16, self inclusive):
	<IDEDistributionProcessingPipelineContext: 0x7f9c57ad2810; archive = "<IDEArchive: 0x600034d1dbc0>", distributionMethod="<IDEDistributionMethodDevelopmentSigned: 0x60004e4d0150>", team="<IDEProvisioningDisambiguatableBasicTeam: 0x600007967580; teamID='3LY66YU3WN', teamName='Vladislav Ivanyuk', teamType='Individual', username='vl.ivanyuk@icloud.com', isFreeProvisioningTeam='0'>">
	<IDEDistributionProcessingPipelineContext: 0x7f9c57a62840; archive = "<IDEArchive: 0x600034d1dbc0>", distributionMethod="<IDEDistributionMethodDevelopmentSigned: 0x60004e4d0150>", team="<IDEProvisioningDisambiguatableBasicTeam: 0x600007967580; teamID='3LY66YU3WN', teamName='Vladislav Ivanyuk', teamType='Individual', username='vl.ivanyuk@icloud.com', isFreeProvisioningTeam='0'>">
	<IDEDistributionContext: 0x7f9c4afbfb60; archive = "<IDEArchive: 0x600034d1dbc0>", distributionMethod="<IDEDistributionMethodDevelopmentSigned: 0x60004e4d0150>", team="<IDEProvisioningDisambiguatableBasicTeam: 0x600007967580; teamID='3LY66YU3WN', teamName='Vladislav Ivanyuk', teamType='Individual', username='vl.ivanyuk@icloud.com', isFreeProvisioningTeam='0'>">
	<IDEDistributionContext: 0x7f9c4cd9e9f0; archive = "<IDEArchive: 0x600034d1dbc0>", distributionMethod="<IDEDistributionMethodDevelopmentSigned: 0x60004e4d0150>", team="<IDEProvisioningDisambiguatableBasicTeam: 0x600007967580; teamID='3LY66YU3WN', teamName='Vladislav Ivanyuk', teamType='Individual', username='vl.ivanyuk@icloud.com', isFreeProvisioningTeam='0'>">
	<IDEDistributionContext: 0x7f9c4afb6510; archive = "<IDEArchive: 0x600034d1dbc0>", distributionMethod="<IDEDistributionMethodDevelopmentSigned: 0x60004e4d0150>", team="<IDEProvisioningDisambiguatableBasicTeam: 0x600007967580; teamID='3LY66YU3WN', teamName='Vladislav Ivanyuk', teamType='Individual', username='vl.ivanyuk@icloud.com', isFreeProvisioningTeam='0'>">
	<IDEDistributionContext: 0x7f9c4afb2160; archive = "<IDEArchive: 0x600034d1dbc0>", distributionMethod="<IDEDistributionMethodDevelopmentSigned: 0x60004e4d0150>", team="<IDEProvisioningDisambiguatableBasicTeam: 0x600007967580; teamID='3LY66YU3WN', teamName='Vladislav Ivanyuk', teamType='Individual', username='vl.ivanyuk@icloud.com', isFreeProvisioningTeam='0'>">
	<IDEDistributionContext: 0x7f9c4afb6070; archive = "<IDEArchive: 0x600034d1dbc0>", distributionMethod="<IDEDistributionMethodDevelopmentSigned: 0x60004e4d0150>", team="<IDEProvisioningDisambiguatableBasicTeam: 0x600007967580; teamID='3LY66YU3WN', teamName='Vladislav Ivanyuk', teamType='Individual', username='vl.ivanyuk@icloud.com', isFreeProvisioningTeam='0'>">
	<IDEDistributionContext: 0x7f9c4af9d960; archive = "<IDEArchive: 0x600034d1dbc0>", distributionMethod="<IDEDistributionMethodDevelopmentSigned: 0x60004e4d0150>", team="<IDEProvisioningDisambiguatableBasicTeam: 0x600007967580; teamID='3LY66YU3WN', teamName='Vladislav Ivanyuk', teamType='Individual', username='vl.ivanyuk@icloud.com', isFreeProvisioningTeam='0'>">
	<IDEDistributionContext: 0x7f9c4afb5be0; archive = "<IDEArchive: 0x600034d1dbc0>", distributionMethod="<IDEDistributionMethodDevelopmentSigned: 0x60004e4d0150>", team="<IDEProvisioningDisambiguatableBasicTeam: 0x600007967580; teamID='3LY66YU3WN', teamName='Vladislav Ivanyuk', teamType='Individual', username='vl.ivanyuk@icloud.com', isFreeProvisioningTeam='0'>">
	<IDEDistributionContext: 0x7f9c4afbff80; archive = "<IDEArchive: 0x600034d1dbc0>", distributionMethod="<IDEDistributionMethodDevelopmentSigned: 0x60004e4d0150>", team="(null)">
	<IDEDistributionContext: 0x7f9c5fe07b80; archive = "<IDEArchive: 0x600034d1dbc0>", distributionMethod="<IDEDistributionMethodDevelopmentSigned: 0x60004e4d0150>", team="(null)">
	<IDEDistributionContext: 0x7f9c4afb5810; archive = "<IDEArchive: 0x600034d1dbc0>", distributionMethod="<IDEDistributionMethodDevelopmentSigned: 0x60004e4d0150>", team="(null)">
	<IDEDistributionContext: 0x7f9c5fd1b2f0; archive = "<IDEArchive: 0x600034d1dbc0>", distributionMethod="<IDEDistributionMethodDevelopmentSigned: 0x60004e4d0150>", team="(null)">
	<IDEDistributionContext: 0x7f9c4af04080; archive = "<IDEArchive: 0x600034d1dbc0>", distributionMethod="(null)", team="(null)">
	<IDEDistributionContext: 0x7f9c5fa2ab80; archive = "<IDEArchive: 0x600034d1dbc0>", distributionMethod="(null)", team="(null)">
	<IDEDistributionContext: 0x7f9c5a0f3480; archive = "<IDEArchive: 0x600034d1dbc0>", distributionMethod="(null)", team="(null)">
</IDEDistributionProcessingPipelineContext: 0x7f9c57ad2810>
2024-06-19 06:27:26 +0000  Processing step: IDEDistributionCreateDestRootStep
2024-06-19 06:27:26 +0000  Processing step: IDEDistributionCopyItemStep
2024-06-19 06:27:26 +0000  Running /usr/bin/ditto '-V' '/Users/garmayev/Library/Developer/Xcode/Archives/2024-06-19/Converter 19.06.2024, 14.19.xcarchive/Products/Applications/Converter.app' '/var/folders/sd/9t__046939j8tx12hfp743kc0000gn/T/XcodeDistPipeline.~~~w6KM2B/Root/Payload/Converter.app'
2024-06-19 06:27:28 +0000  >>> Copying /Users/garmayev/Library/Developer/Xcode/Archives/2024-06-19/Converter 19.06.2024, 14.19.xcarchive/Products/Applications/Converter.app 
2024-06-19 06:27:28 +0000  copying file ./_CodeSignature/CodeResources ... 
2024-06-19 06:27:28 +0000  36700 bytes for ./_CodeSignature/CodeResources
2024-06-19 06:27:28 +0000  copying file ./Converter ... 
2024-06-19 06:27:28 +0000  4872208 bytes for ./Converter
copying file ./main.jsbundle ... 
2024-06-19 06:27:28 +0000  4337838 bytes for ./main.jsbundle
2024-06-19 06:27:28 +0000  copying file ./RCTI18nStrings.bundle/de.lproj/Localizable.strings ... 
2024-06-19 06:27:28 +0000  64 bytes for ./RCTI18nStrings.bundle/de.lproj/Localizable.strings
2024-06-19 06:27:28 +0000  copying file ./RCTI18nStrings.bundle/de.lproj/fbt_language_pack.bin ... 
2024-06-19 06:27:28 +0000  1312 bytes for ./RCTI18nStrings.bundle/de.lproj/fbt_language_pack.bin
2024-06-19 06:27:28 +0000  copying file ./RCTI18nStrings.bundle/he.lproj/Localizable.strings ... 
2024-06-19 06:27:28 +0000  64 bytes for ./RCTI18nStrings.bundle/he.lproj/Localizable.strings
2024-06-19 06:27:28 +0000  copying file ./RCTI18nStrings.bundle/he.lproj/fbt_language_pack.bin ... 
2024-06-19 06:27:28 +0000  1444 bytes for ./RCTI18nStrings.bundle/he.lproj/fbt_language_pack.bin
2024-06-19 06:27:28 +0000  copying file ./RCTI18nStrings.bundle/ar.lproj/Localizable.strings ... 
2024-06-19 06:27:28 +0000  64 bytes for ./RCTI18nStrings.bundle/ar.lproj/Localizable.strings
2024-06-19 06:27:28 +0000  copying file ./RCTI18nStrings.bundle/ar.lproj/fbt_language_pack.bin ... 
2024-06-19 06:27:28 +0000  1500 bytes for ./RCTI18nStrings.bundle/ar.lproj/fbt_language_pack.bin
2024-06-19 06:27:28 +0000  copying file ./RCTI18nStrings.bundle/el.lproj/Localizable.strings ... 
2024-06-19 06:27:28 +0000  64 bytes for ./RCTI18nStrings.bundle/el.lproj/Localizable.strings
2024-06-19 06:27:28 +0000  copying file ./RCTI18nStrings.bundle/el.lproj/fbt_language_pack.bin ... 
2024-06-19 06:27:28 +0000  1600 bytes for ./RCTI18nStrings.bundle/el.lproj/fbt_language_pack.bin
2024-06-19 06:27:28 +0000  copying file ./RCTI18nStrings.bundle/zh-Hans.lproj/Localizable.strings ... 
2024-06-19 06:27:28 +0000  64 bytes for ./RCTI18nStrings.bundle/zh-Hans.lproj/Localizable.strings
2024-06-19 06:27:28 +0000  copying file ./RCTI18nStrings.bundle/zh-Hans.lproj/fbt_language_pack.bin ... 
2024-06-19 06:27:28 +0000  1296 bytes for ./RCTI18nStrings.bundle/zh-Hans.lproj/fbt_language_pack.bin
2024-06-19 06:27:28 +0000  copying file ./RCTI18nStrings.bundle/ja.lproj/Localizable.strings ... 
2024-06-19 06:27:28 +0000  64 bytes for ./RCTI18nStrings.bundle/ja.lproj/Localizable.strings
2024-06-19 06:27:28 +0000  copying file ./RCTI18nStrings.bundle/ja.lproj/fbt_language_pack.bin ... 
2024-06-19 06:27:28 +0000  1436 bytes for ./RCTI18nStrings.bundle/ja.lproj/fbt_language_pack.bin
2024-06-19 06:27:28 +0000  copying file ./RCTI18nStrings.bundle/en.lproj/Localizable.strings ... 
2024-06-19 06:27:28 +0000  64 bytes for ./RCTI18nStrings.bundle/en.lproj/Localizable.strings
2024-06-19 06:27:28 +0000  copying file ./RCTI18nStrings.bundle/zh-Hant-HK.lproj/Localizable.strings ... 
2024-06-19 06:27:28 +0000  64 bytes for ./RCTI18nStrings.bundle/zh-Hant-HK.lproj/Localizable.strings
2024-06-19 06:27:28 +0000  copying file ./RCTI18nStrings.bundle/zh-Hant-HK.lproj/fbt_language_pack.bin ... 
2024-06-19 06:27:28 +0000  1296 bytes for ./RCTI18nStrings.bundle/zh-Hant-HK.lproj/fbt_language_pack.bin
2024-06-19 06:27:28 +0000  copying file ./RCTI18nStrings.bundle/uk.lproj/Localizable.strings ... 
2024-06-19 06:27:28 +0000  64 bytes for ./RCTI18nStrings.bundle/uk.lproj/Localizable.strings
2024-06-19 06:27:28 +0000  copying file ./RCTI18nStrings.bundle/uk.lproj/fbt_language_pack.bin ... 
2024-06-19 06:27:28 +0000  1564 bytes for ./RCTI18nStrings.bundle/uk.lproj/fbt_language_pack.bin
2024-06-19 06:27:28 +0000  copying file ./RCTI18nStrings.bundle/nb.lproj/Localizable.strings ... 
2024-06-19 06:27:28 +0000  64 bytes for ./RCTI18nStrings.bundle/nb.lproj/Localizable.strings
2024-06-19 06:27:28 +0000  copying file ./RCTI18nStrings.bundle/nb.lproj/fbt_language_pack.bin ... 
2024-06-19 06:27:28 +0000  1296 bytes for ./RCTI18nStrings.bundle/nb.lproj/fbt_language_pack.bin
2024-06-19 06:27:28 +0000  copying file ./RCTI18nStrings.bundle/en-GB.lproj/Localizable.strings ... 
2024-06-19 06:27:28 +0000  64 bytes for ./RCTI18nStrings.bundle/en-GB.lproj/Localizable.strings
2024-06-19 06:27:28 +0000  copying file ./RCTI18nStrings.bundle/en-GB.lproj/fbt_language_pack.bin ... 
2024-06-19 06:27:28 +0000  1268 bytes for ./RCTI18nStrings.bundle/en-GB.lproj/fbt_language_pack.bin
2024-06-19 06:27:28 +0000  copying file ./RCTI18nStrings.bundle/es.lproj/Localizable.strings ... 
2024-06-19 06:27:28 +0000  64 bytes for ./RCTI18nStrings.bundle/es.lproj/Localizable.strings
2024-06-19 06:27:28 +0000  copying file ./RCTI18nStrings.bundle/es.lproj/fbt_language_pack.bin ... 
2024-06-19 06:27:28 +0000  1364 bytes for ./RCTI18nStrings.bundle/es.lproj/fbt_language_pack.bin
2024-06-19 06:27:28 +0000  copying file ./RCTI18nStrings.bundle/da.lproj/Localizable.strings ... 
2024-06-19 06:27:28 +0000  64 bytes for ./RCTI18nStrings.bundle/da.lproj/Localizable.strings
2024-06-19 06:27:28 +0000  copying file ./RCTI18nStrings.bundle/da.lproj/fbt_language_pack.bin ... 
2024-06-19 06:27:28 +0000  1300 bytes for ./RCTI18nStrings.bundle/da.lproj/fbt_language_pack.bin
2024-06-19 06:27:28 +0000  copying file ./RCTI18nStrings.bundle/it.lproj/Localizable.strings ... 
2024-06-19 06:27:28 +0000  64 bytes for ./RCTI18nStrings.bundle/it.lproj/Localizable.strings
2024-06-19 06:27:28 +0000  copying file ./RCTI18nStrings.bundle/it.lproj/fbt_language_pack.bin ... 
2024-06-19 06:27:28 +0000  1388 bytes for ./RCTI18nStrings.bundle/it.lproj/fbt_language_pack.bin
2024-06-19 06:27:28 +0000  copying file ./RCTI18nStrings.bundle/sk.lproj/Localizable.strings ... 
2024-06-19 06:27:28 +0000  64 bytes for ./RCTI18nStrings.bundle/sk.lproj/Localizable.strings
2024-06-19 06:27:28 +0000  copying file ./RCTI18nStrings.bundle/sk.lproj/fbt_language_pack.bin ... 
2024-06-19 06:27:28 +0000  1356 bytes for ./RCTI18nStrings.bundle/sk.lproj/fbt_language_pack.bin
2024-06-19 06:27:28 +0000  copying file ./RCTI18nStrings.bundle/es-ES.lproj/Localizable.strings ... 
2024-06-19 06:27:28 +0000  64 bytes for ./RCTI18nStrings.bundle/es-ES.lproj/Localizable.strings
2024-06-19 06:27:28 +0000  copying file ./RCTI18nStrings.bundle/es-ES.lproj/fbt_language_pack.bin ... 
2024-06-19 06:27:28 +0000  1368 bytes for ./RCTI18nStrings.bundle/es-ES.lproj/fbt_language_pack.bin
2024-06-19 06:27:28 +0000  copying file ./RCTI18nStrings.bundle/ms.lproj/Localizable.strings ... 
2024-06-19 06:27:28 +0000  64 bytes for ./RCTI18nStrings.bundle/ms.lproj/Localizable.strings
2024-06-19 06:27:28 +0000  copying file ./RCTI18nStrings.bundle/ms.lproj/fbt_language_pack.bin ... 
2024-06-19 06:27:28 +0000  1292 bytes for ./RCTI18nStrings.bundle/ms.lproj/fbt_language_pack.bin
2024-06-19 06:27:28 +0000  copying file ./RCTI18nStrings.bundle/sv.lproj/Localizable.strings ... 
2024-06-19 06:27:28 +0000  64 bytes for ./RCTI18nStrings.bundle/sv.lproj/Localizable.strings
2024-06-19 06:27:28 +0000  copying file ./RCTI18nStrings.bundle/sv.lproj/fbt_language_pack.bin ... 
2024-06-19 06:27:28 +0000  1300 bytes for ./RCTI18nStrings.bundle/sv.lproj/fbt_language_pack.bin
2024-06-19 06:27:28 +0000  copying file ./RCTI18nStrings.bundle/cs.lproj/Localizable.strings ... 
2024-06-19 06:27:28 +0000  64 bytes for ./RCTI18nStrings.bundle/cs.lproj/Localizable.strings
2024-06-19 06:27:28 +0000  copying file ./RCTI18nStrings.bundle/cs.lproj/fbt_language_pack.bin ... 
2024-06-19 06:27:28 +0000  1368 bytes for ./RCTI18nStrings.bundle/cs.lproj/fbt_language_pack.bin
2024-06-19 06:27:28 +0000  copying file ./RCTI18nStrings.bundle/ko.lproj/Localizable.strings ... 
2024-06-19 06:27:28 +0000  64 bytes for ./RCTI18nStrings.bundle/ko.lproj/Localizable.strings
2024-06-19 06:27:28 +0000  copying file ./RCTI18nStrings.bundle/ko.lproj/fbt_language_pack.bin ... 
2024-06-19 06:27:28 +0000  1332 bytes for ./RCTI18nStrings.bundle/ko.lproj/fbt_language_pack.bin
2024-06-19 06:27:28 +0000  copying file ./RCTI18nStrings.bundle/zh-Hant.lproj/Localizable.strings ... 
2024-06-19 06:27:28 +0000  64 bytes for ./RCTI18nStrings.bundle/zh-Hant.lproj/Localizable.strings
2024-06-19 06:27:28 +0000  copying file ./RCTI18nStrings.bundle/zh-Hant.lproj/fbt_language_pack.bin ... 
2024-06-19 06:27:28 +0000  1308 bytes for ./RCTI18nStrings.bundle/zh-Hant.lproj/fbt_language_pack.bin
2024-06-19 06:27:28 +0000  copying file ./RCTI18nStrings.bundle/hu.lproj/Localizable.strings ... 
2024-06-19 06:27:28 +0000  64 bytes for ./RCTI18nStrings.bundle/hu.lproj/Localizable.strings
2024-06-19 06:27:28 +0000  copying file ./RCTI18nStrings.bundle/hu.lproj/fbt_language_pack.bin ... 
2024-06-19 06:27:28 +0000  1348 bytes for ./RCTI18nStrings.bundle/hu.lproj/fbt_language_pack.bin
2024-06-19 06:27:28 +0000  copying file ./RCTI18nStrings.bundle/tr.lproj/Localizable.strings ... 
2024-06-19 06:27:28 +0000  64 bytes for ./RCTI18nStrings.bundle/tr.lproj/Localizable.strings
2024-06-19 06:27:28 +0000  copying file ./RCTI18nStrings.bundle/tr.lproj/fbt_language_pack.bin ... 
2024-06-19 06:27:28 +0000  1360 bytes for ./RCTI18nStrings.bundle/tr.lproj/fbt_language_pack.bin
2024-06-19 06:27:28 +0000  copying file ./RCTI18nStrings.bundle/pl.lproj/Localizable.strings ... 
2024-06-19 06:27:28 +0000  64 bytes for ./RCTI18nStrings.bundle/pl.lproj/Localizable.strings
2024-06-19 06:27:28 +0000  copying file ./RCTI18nStrings.bundle/pl.lproj/fbt_language_pack.bin ... 
2024-06-19 06:27:28 +0000  1340 bytes for ./RCTI18nStrings.bundle/pl.lproj/fbt_language_pack.bin
2024-06-19 06:27:28 +0000  copying file ./RCTI18nStrings.bundle/vi.lproj/Localizable.strings ... 
2024-06-19 06:27:28 +0000  64 bytes for ./RCTI18nStrings.bundle/vi.lproj/Localizable.strings
2024-06-19 06:27:28 +0000  copying file ./RCTI18nStrings.bundle/vi.lproj/fbt_language_pack.bin ... 
2024-06-19 06:27:28 +0000  1352 bytes for ./RCTI18nStrings.bundle/vi.lproj/fbt_language_pack.bin
2024-06-19 06:27:28 +0000  copying file ./RCTI18nStrings.bundle/ru.lproj/Localizable.strings ... 
2024-06-19 06:27:28 +0000  64 bytes for ./RCTI18nStrings.bundle/ru.lproj/Localizable.strings
2024-06-19 06:27:28 +0000  copying file ./RCTI18nStrings.bundle/ru.lproj/fbt_language_pack.bin ... 
2024-06-19 06:27:28 +0000  1576 bytes for ./RCTI18nStrings.bundle/ru.lproj/fbt_language_pack.bin
2024-06-19 06:27:28 +0000  copying file ./RCTI18nStrings.bundle/fr.lproj/Localizable.strings ... 
2024-06-19 06:27:28 +0000  64 bytes for ./RCTI18nStrings.bundle/fr.lproj/Localizable.strings
2024-06-19 06:27:28 +0000  copying file ./RCTI18nStrings.bundle/fr.lproj/fbt_language_pack.bin ... 
2024-06-19 06:27:28 +0000  1360 bytes for ./RCTI18nStrings.bundle/fr.lproj/fbt_language_pack.bin
copying file ./RCTI18nStrings.bundle/fi.lproj/Localizable.strings ... 
2024-06-19 06:27:28 +0000  64 bytes for ./RCTI18nStrings.bundle/fi.lproj/Localizable.strings
2024-06-19 06:27:28 +0000  copying file ./RCTI18nStrings.bundle/fi.lproj/fbt_language_pack.bin ... 
2024-06-19 06:27:28 +0000  1340 bytes for ./RCTI18nStrings.bundle/fi.lproj/fbt_language_pack.bin
2024-06-19 06:27:28 +0000  copying file ./RCTI18nStrings.bundle/id.lproj/Localizable.strings ... 
2024-06-19 06:27:28 +0000  64 bytes for ./RCTI18nStrings.bundle/id.lproj/Localizable.strings
2024-06-19 06:27:28 +0000  copying file ./RCTI18nStrings.bundle/id.lproj/fbt_language_pack.bin ... 
2024-06-19 06:27:28 +0000  1300 bytes for ./RCTI18nStrings.bundle/id.lproj/fbt_language_pack.bin
2024-06-19 06:27:28 +0000  copying file ./RCTI18nStrings.bundle/nl.lproj/Localizable.strings ... 
2024-06-19 06:27:28 +0000  64 bytes for ./RCTI18nStrings.bundle/nl.lproj/Localizable.strings
2024-06-19 06:27:28 +0000  copying file ./RCTI18nStrings.bundle/nl.lproj/fbt_language_pack.bin ... 
2024-06-19 06:27:28 +0000  1324 bytes for ./RCTI18nStrings.bundle/nl.lproj/fbt_language_pack.bin
2024-06-19 06:27:28 +0000  copying file ./RCTI18nStrings.bundle/th.lproj/Localizable.strings ... 
2024-06-19 06:27:28 +0000  64 bytes for ./RCTI18nStrings.bundle/th.lproj/Localizable.strings
2024-06-19 06:27:28 +0000  copying file ./RCTI18nStrings.bundle/th.lproj/fbt_language_pack.bin ... 
2024-06-19 06:27:28 +0000  1784 bytes for ./RCTI18nStrings.bundle/th.lproj/fbt_language_pack.bin
2024-06-19 06:27:28 +0000  copying file ./RCTI18nStrings.bundle/pt.lproj/Localizable.strings ... 
2024-06-19 06:27:28 +0000  64 bytes for ./RCTI18nStrings.bundle/pt.lproj/Localizable.strings
2024-06-19 06:27:28 +0000  copying file ./RCTI18nStrings.bundle/pt.lproj/fbt_language_pack.bin ... 
2024-06-19 06:27:28 +0000  1356 bytes for ./RCTI18nStrings.bundle/pt.lproj/fbt_language_pack.bin
2024-06-19 06:27:28 +0000  copying file ./RCTI18nStrings.bundle/zu.lproj/Localizable.strings ... 
2024-06-19 06:27:28 +0000  64 bytes for ./RCTI18nStrings.bundle/zu.lproj/Localizable.strings
2024-06-19 06:27:28 +0000  copying file ./RCTI18nStrings.bundle/zu.lproj/fbt_language_pack.bin ... 
2024-06-19 06:27:28 +0000  2076 bytes for ./RCTI18nStrings.bundle/zu.lproj/fbt_language_pack.bin
2024-06-19 06:27:28 +0000  copying file ./RCTI18nStrings.bundle/pt-PT.lproj/Localizable.strings ... 
2024-06-19 06:27:28 +0000  64 bytes for ./RCTI18nStrings.bundle/pt-PT.lproj/Localizable.strings
2024-06-19 06:27:28 +0000  copying file ./RCTI18nStrings.bundle/pt-PT.lproj/fbt_language_pack.bin ... 
2024-06-19 06:27:28 +0000  1372 bytes for ./RCTI18nStrings.bundle/pt-PT.lproj/fbt_language_pack.bin
2024-06-19 06:27:28 +0000  copying file ./RCTI18nStrings.bundle/ro.lproj/Localizable.strings ... 
2024-06-19 06:27:28 +0000  64 bytes for ./RCTI18nStrings.bundle/ro.lproj/Localizable.strings
2024-06-19 06:27:28 +0000  copying file ./RCTI18nStrings.bundle/ro.lproj/fbt_language_pack.bin ... 
2024-06-19 06:27:28 +0000  1344 bytes for ./RCTI18nStrings.bundle/ro.lproj/fbt_language_pack.bin
2024-06-19 06:27:28 +0000  copying file ./RCTI18nStrings.bundle/Info.plist ... 
2024-06-19 06:27:28 +0000  776 bytes for ./RCTI18nStrings.bundle/Info.plist
2024-06-19 06:27:28 +0000  copying file ./RCTI18nStrings.bundle/hr.lproj/Localizable.strings ... 
2024-06-19 06:27:28 +0000  64 bytes for ./RCTI18nStrings.bundle/hr.lproj/Localizable.strings
2024-06-19 06:27:28 +0000  copying file ./RCTI18nStrings.bundle/hr.lproj/fbt_language_pack.bin ... 
2024-06-19 06:27:28 +0000  1352 bytes for ./RCTI18nStrings.bundle/hr.lproj/fbt_language_pack.bin
2024-06-19 06:27:28 +0000  copying file ./RCTI18nStrings.bundle/hi.lproj/Localizable.strings ... 
2024-06-19 06:27:28 +0000  64 bytes for ./RCTI18nStrings.bundle/hi.lproj/Localizable.strings
2024-06-19 06:27:28 +0000  copying file ./RCTI18nStrings.bundle/hi.lproj/fbt_language_pack.bin ... 
2024-06-19 06:27:28 +0000  1640 bytes for ./RCTI18nStrings.bundle/hi.lproj/fbt_language_pack.bin
2024-06-19 06:27:28 +0000  copying file ./PrivacyInfo.xcprivacy ... 
2024-06-19 06:27:28 +0000  986 bytes for ./PrivacyInfo.xcprivacy
2024-06-19 06:27:28 +0000  copying file ./LaunchScreen.storyboardc/01J-lp-oVM-view-Ze5-6b-2t3.nib ... 
2024-06-19 06:27:28 +0000  3817 bytes for ./LaunchScreen.storyboardc/01J-lp-oVM-view-Ze5-6b-2t3.nib
2024-06-19 06:27:28 +0000  copying file ./LaunchScreen.storyboardc/UIViewController-01J-lp-oVM.nib ... 
2024-06-19 06:27:28 +0000  924 bytes for ./LaunchScreen.storyboardc/UIViewController-01J-lp-oVM.nib
2024-06-19 06:27:28 +0000  copying file ./LaunchScreen.storyboardc/Info.plist ... 
2024-06-19 06:27:28 +0000  258 bytes for ./LaunchScreen.storyboardc/Info.plist
2024-06-19 06:27:28 +0000  copying file ./Frameworks/hermes.framework/_CodeSignature/CodeResources ... 
2024-06-19 06:27:28 +0000  1798 bytes for ./Frameworks/hermes.framework/_CodeSignature/CodeResources
copying file ./Frameworks/hermes.framework/hermes ... 
2024-06-19 06:27:29 +0000  4449040 bytes for ./Frameworks/hermes.framework/hermes
copying file ./Frameworks/hermes.framework/Info.plist ... 
2024-06-19 06:27:29 +0000  815 bytes for ./Frameworks/hermes.framework/Info.plist
copying file ./embedded.mobileprovision ... 
2024-06-19 06:27:29 +0000  12423 bytes for ./embedded.mobileprovision
2024-06-19 06:27:29 +0000  copying file ./assets/node_modules/@react-navigation/drawer/src/views/assets/toggle-drawer-icon@3x.png ... 
2024-06-19 06:27:29 +0000  212 bytes for ./assets/node_modules/@react-navigation/drawer/src/views/assets/toggle-drawer-icon@3x.png
copying file ./assets/node_modules/@react-navigation/drawer/src/views/assets/toggle-drawer-icon@2x.png ... 
2024-06-19 06:27:29 +0000  163 bytes for ./assets/node_modules/@react-navigation/drawer/src/views/assets/toggle-drawer-icon@2x.png
copying file ./assets/node_modules/@react-navigation/drawer/src/views/assets/toggle-drawer-icon.png ... 
2024-06-19 06:27:29 +0000  108 bytes for ./assets/node_modules/@react-navigation/drawer/src/views/assets/toggle-drawer-icon.png
2024-06-19 06:27:29 +0000  copying file ./assets/node_modules/@react-navigation/elements/src/assets/back-icon@3x.png ... 
2024-06-19 06:27:29 +0000  761 bytes for ./assets/node_modules/@react-navigation/elements/src/assets/back-icon@3x.png
copying file ./assets/node_modules/@react-navigation/elements/src/assets/back-icon@2x.png ... 
2024-06-19 06:27:29 +0000  405 bytes for ./assets/node_modules/@react-navigation/elements/src/assets/back-icon@2x.png
copying file ./assets/node_modules/@react-navigation/elements/src/assets/back-icon.png ... 
2024-06-19 06:27:29 +0000  290 bytes for ./assets/node_modules/@react-navigation/elements/src/assets/back-icon.png
copying file ./assets/node_modules/@react-navigation/elements/src/assets/back-icon-mask.png ... 
2024-06-19 06:27:29 +0000  913 bytes for ./assets/node_modules/@react-navigation/elements/src/assets/back-icon-mask.png
2024-06-19 06:27:29 +0000  copying file ./assets/src/assets/footer-gas.png ... 
2024-06-19 06:27:29 +0000  10746 bytes for ./assets/src/assets/footer-gas.png
copying file ./assets/src/assets/bg-car.png ... 
2024-06-19 06:27:29 +0000  4554132 bytes for ./assets/src/assets/bg-car.png
copying file ./assets/src/assets/logo-mini.png ... 
2024-06-19 06:27:29 +0000  22987 bytes for ./assets/src/assets/logo-mini.png
copying file ./Info.plist ... 
2024-06-19 06:27:29 +0000  1234 bytes for ./Info.plist
copying file ./PkgInfo ... 
2024-06-19 06:27:29 +0000  8 bytes for ./PkgInfo
2024-06-19 06:27:29 +0000  /usr/bin/ditto exited with 0
2024-06-19 06:27:29 +0000  Processing step: IDEDistributionEmbedProfileStep
2024-06-19 06:27:29 +0000  Skipping profile for item: <IDEDistributionItem: 0x600038312100; bundleID='dev.hermesengine.iphoneos', path='<DVTFilePath:0x600034af7a00:'/Users/garmayev/Library/Developer/Xcode/Archives/2024-06-19/Converter 19.06.2024, 14.19.xcarchive/Products/Applications/Converter.app/Frameworks/hermes.framework'>', codeSigningInfo='<_DVTCodeSigningInformation_Path: 0x60005442b700; isSigned='1', isAdHocSigned='0', signingCertificate='<DVTSigningCertificate: 0x60000d2589c0; name='Apple Development: Vladislav Ivanyuk (224Q3R5Y32)', hash='59829F4986CC75F9823AB971068A819C5D24D9D1', serialNumber='440AA35A791506FCDAD027FE8079C1E5', certificateKinds='(
    "1.2.840.113635.100.6.1.12",
    "1.2.840.113635.100.6.1.2"
), issueDate='2024-06-17 07:03:31 +0000''>', entitlements='(null)', teamID='3LY66YU3WN', identifier='dev.hermesengine.iphoneos', executablePath='<DVTFilePath:0x600038c7e530:'/Users/garmayev/Library/Developer/Xcode/Archives/2024-06-19/Converter 19.06.2024, 14.19.xcarchive/Products/Applications/Converter.app/Frameworks/hermes.framework/hermes'>', hardenedRuntime='0'>'>
2024-06-19 06:27:29 +0000  Processing step: IDEDistributionInfoPlistStep
2024-06-19 06:27:29 +0000  Skipping step: IDEDistributionInfoPlistStep because it said so
2024-06-19 06:27:29 +0000  Skipping step: IDEDistributionInfoPlistStep because it said so
2024-06-19 06:27:29 +0000  Processing step: IDEDistributionAppThinningPlistStep
2024-06-19 06:27:29 +0000  Skipping step: IDEDistributionAppThinningPlistStep because it said so
2024-06-19 06:27:29 +0000  Processing step: IDEDistributionCompileBitcodeStep
2024-06-19 06:27:29 +0000  Skipping step: IDEDistributionCompileBitcodeStep because it said so
2024-06-19 06:27:29 +0000  Processing step: IDEDistributionCodeSlimmingStep
2024-06-19 06:27:29 +0000  Processing step: IDEDistributionCopyBCSymbolMapsStep
2024-06-19 06:27:29 +0000  Skipping step: IDEDistributionCopyBCSymbolMapsStep because it said so
2024-06-19 06:27:29 +0000  Skipping step: IDEDistributionCopyBCSymbolMapsStep because it said so
2024-06-19 06:27:29 +0000  Processing step: IDEDistributionSymbolsStep
2024-06-19 06:27:29 +0000  Skipping step: IDEDistributionSymbolsStep because it said so
2024-06-19 06:27:29 +0000  Skipping step: IDEDistributionSymbolsStep because it said so
2024-06-19 06:27:29 +0000  Processing step: IDEDistributionAppThinningStep
2024-06-19 06:27:29 +0000  Skipping step: IDEDistributionAppThinningStep because it said so
2024-06-19 06:27:29 +0000  Processing step: IDEDistributionArchThinningStep
2024-06-19 06:27:29 +0000  Item /Users/garmayev/Library/Developer/Xcode/Archives/2024-06-19/Converter 19.06.2024, 14.19.xcarchive/Products/Applications/Converter.app/Frameworks/hermes.framework doesn't have the entitlement com.apple.developer.web-browser-engine.host enabled, returning ["arm64e"]
2024-06-19 06:27:29 +0000  Archs to thin for item /Users/garmayev/Library/Developer/Xcode/Archives/2024-06-19/Converter 19.06.2024, 14.19.xcarchive/Products/Applications/Converter.app/Frameworks/hermes.framework are ["arm64e"]
2024-06-19 06:27:29 +0000  Running /Applications/Xcode.app/Contents/Developer/Toolchains/XcodeDefault.xctoolchain/usr/bin/lipo '/var/folders/sd/9t__046939j8tx12hfp743kc0000gn/T/XcodeDistPipeline.~~~w6KM2B/Root/Payload/Converter.app/Frameworks/hermes.framework/hermes' '-verify_arch' 'arm64e'
2024-06-19 06:27:29 +0000  /Applications/Xcode.app/Contents/Developer/Toolchains/XcodeDefault.xctoolchain/usr/bin/lipo exited with 1
2024-06-19 06:27:29 +0000  Skipping architecture thinning for item "hermes" because arch "arm64e" wasn't found
2024-06-19 06:27:29 +0000  Item /Users/garmayev/Library/Developer/Xcode/Archives/2024-06-19/Converter 19.06.2024, 14.19.xcarchive/Products/Applications/Converter.app doesn't have the entitlement com.apple.developer.web-browser-engine.host enabled, returning ["arm64e"]
2024-06-19 06:27:29 +0000  Archs to thin for item /Users/garmayev/Library/Developer/Xcode/Archives/2024-06-19/Converter 19.06.2024, 14.19.xcarchive/Products/Applications/Converter.app are ["arm64e"]
2024-06-19 06:27:29 +0000  Running /Applications/Xcode.app/Contents/Developer/Toolchains/XcodeDefault.xctoolchain/usr/bin/lipo '/var/folders/sd/9t__046939j8tx12hfp743kc0000gn/T/XcodeDistPipeline.~~~w6KM2B/Root/Payload/Converter.app/Converter' '-verify_arch' 'arm64e'
2024-06-19 06:27:29 +0000  /Applications/Xcode.app/Contents/Developer/Toolchains/XcodeDefault.xctoolchain/usr/bin/lipo exited with 1
2024-06-19 06:27:29 +0000  Skipping architecture thinning for item "Converter" because arch "arm64e" wasn't found
2024-06-19 06:27:29 +0000  Processing step: IDEDistributionODRStep
2024-06-19 06:27:29 +0000  Processing step: IDEDistributionStripXattrsStep
2024-06-19 06:27:29 +0000  Skipping stripping extended attributes because the codesign step will strip them.
2024-06-19 06:27:29 +0000  Skipping stripping extended attributes because the codesign step will strip them.
2024-06-19 06:27:29 +0000  Processing step: IDEDistributionCodesignStep
2024-06-19 06:27:29 +0000  Entitlements for <IDEDistributionItem: 0x600038312100; bundleID='dev.hermesengine.iphoneos', path='<DVTFilePath:0x600034af7a00:'/Users/garmayev/Library/Developer/Xcode/Archives/2024-06-19/Converter 19.06.2024, 14.19.xcarchive/Products/Applications/Converter.app/Frameworks/hermes.framework'>', codeSigningInfo='<_DVTCodeSigningInformation_Path: 0x60005442b700; isSigned='1', isAdHocSigned='0', signingCertificate='<DVTSigningCertificate: 0x60000d291440; name='Apple Development: Vladislav Ivanyuk (224Q3R5Y32)', hash='59829F4986CC75F9823AB971068A819C5D24D9D1', serialNumber='440AA35A791506FCDAD027FE8079C1E5', certificateKinds='(
    "1.2.840.113635.100.6.1.12",
    "1.2.840.113635.100.6.1.2"
), issueDate='2024-06-17 07:03:31 +0000''>', entitlements='(null)', teamID='3LY66YU3WN', identifier='dev.hermesengine.iphoneos', executablePath='<DVTFilePath:0x600038c7e530:'/Users/garmayev/Library/Developer/Xcode/Archives/2024-06-19/Converter 19.06.2024, 14.19.xcarchive/Products/Applications/Converter.app/Frameworks/hermes.framework/hermes'>', hardenedRuntime='0'>'>: {
}
2024-06-19 06:27:29 +0000  Associated App Clip Identifiers Filter: Skipping because "com.apple.developer.associated-appclip-app-identifiers" is not present
2024-06-19 06:27:29 +0000  Entitlements for <IDEDistributionItem: 0x600038312100; bundleID='dev.hermesengine.iphoneos', path='<DVTFilePath:0x600034af7a00:'/Users/garmayev/Library/Developer/Xcode/Archives/2024-06-19/Converter 19.06.2024, 14.19.xcarchive/Products/Applications/Converter.app/Frameworks/hermes.framework'>', codeSigningInfo='<_DVTCodeSigningInformation_Path: 0x60005442b700; isSigned='1', isAdHocSigned='0', signingCertificate='<DVTSigningCertificate: 0x60000d2e46c0; name='Apple Development: Vladislav Ivanyuk (224Q3R5Y32)', hash='59829F4986CC75F9823AB971068A819C5D24D9D1', serialNumber='440AA35A791506FCDAD027FE8079C1E5', certificateKinds='(
    "1.2.840.113635.100.6.1.12",
    "1.2.840.113635.100.6.1.2"
), issueDate='2024-06-17 07:03:31 +0000''>', entitlements='(null)', teamID='3LY66YU3WN', identifier='dev.hermesengine.iphoneos', executablePath='<DVTFilePath:0x600038c7e530:'/Users/garmayev/Library/Developer/Xcode/Archives/2024-06-19/Converter 19.06.2024, 14.19.xcarchive/Products/Applications/Converter.app/Frameworks/hermes.framework/hermes'>', hardenedRuntime='0'>'> are: {
}
2024-06-19 06:27:29 +0000  Writing entitlements for <IDEDistributionItem: 0x600038312100; bundleID='dev.hermesengine.iphoneos', path='<DVTFilePath:0x600034af7a00:'/Users/garmayev/Library/Developer/Xcode/Archives/2024-06-19/Converter 19.06.2024, 14.19.xcarchive/Products/Applications/Converter.app/Frameworks/hermes.framework'>', codeSigningInfo='<_DVTCodeSigningInformation_Path: 0x60005442b700; isSigned='1', isAdHocSigned='0', signingCertificate='<DVTSigningCertificate: 0x60000d205740; name='Apple Development: Vladislav Ivanyuk (224Q3R5Y32)', hash='59829F4986CC75F9823AB971068A819C5D24D9D1', serialNumber='440AA35A791506FCDAD027FE8079C1E5', certificateKinds='(
    "1.2.840.113635.100.6.1.12",
    "1.2.840.113635.100.6.1.2"
), issueDate='2024-06-17 07:03:31 +0000''>', entitlements='(null)', teamID='3LY66YU3WN', identifier='dev.hermesengine.iphoneos', executablePath='<DVTFilePath:0x600038c7e530:'/Users/garmayev/Library/Developer/Xcode/Archives/2024-06-19/Converter 19.06.2024, 14.19.xcarchive/Products/Applications/Converter.app/Frameworks/hermes.framework/hermes'>', hardenedRuntime='0'>'> to: /var/folders/sd/9t__046939j8tx12hfp743kc0000gn/T/XcodeDistPipeline.~~~w6KM2B/entitlements~~~KnmcB2
2024-06-19 06:27:29 +0000  Running /usr/bin/codesign '-vvv' '--force' '--sign' '59829F4986CC75F9823AB971068A819C5D24D9D1' '--entitlements' '/var/folders/sd/9t__046939j8tx12hfp743kc0000gn/T/XcodeDistPipeline.~~~w6KM2B/entitlements~~~KnmcB2' '--generate-entitlement-der' '--strip-disallowed-xattrs' '--preserve-metadata=identifier,flags,runtime' '/var/folders/sd/9t__046939j8tx12hfp743kc0000gn/T/XcodeDistPipeline.~~~w6KM2B/Root/Payload/Converter.app/Frameworks/hermes.framework'
2024-06-19 06:27:29 +0000  /var/folders/sd/9t__046939j8tx12hfp743kc0000gn/T/XcodeDistPipeline.~~~w6KM2B/Root/Payload/Converter.app/Frameworks/hermes.framework: replacing existing signature
2024-06-19 06:27:30 +0000  /var/folders/sd/9t__046939j8tx12hfp743kc0000gn/T/XcodeDistPipeline.~~~w6KM2B/Root/Payload/Converter.app/Frameworks/hermes.framework: signed bundle with Mach-O thin (arm64) [dev.hermesengine.iphoneos]
2024-06-19 06:27:30 +0000  /usr/bin/codesign exited with 0
2024-06-19 06:27:30 +0000  Entitlements for <IDEDistributionItem: 0x600038312b80; bundleID='ru.amgcompany.Converter', path='<DVTFilePath:0x600034af4e80:'/Users/garmayev/Library/Developer/Xcode/Archives/2024-06-19/Converter 19.06.2024, 14.19.xcarchive/Products/Applications/Converter.app'>', codeSigningInfo='<_DVTCodeSigningInformation_Path: 0x600054422170; isSigned='1', isAdHocSigned='0', signingCertificate='<DVTSigningCertificate: 0x60000dd65d40; name='Apple Development: Vladislav Ivanyuk (224Q3R5Y32)', hash='59829F4986CC75F9823AB971068A819C5D24D9D1', serialNumber='440AA35A791506FCDAD027FE8079C1E5', certificateKinds='(
    "1.2.840.113635.100.6.1.12",
    "1.2.840.113635.100.6.1.2"
), issueDate='2024-06-17 07:03:31 +0000''>', entitlements='{
    "application-identifier" = "3LY66YU3WN.ru.amgcompany.Converter";
    "com.apple.developer.team-identifier" = 3LY66YU3WN;
    "get-task-allow" = 1;
}', teamID='3LY66YU3WN', identifier='ru.amgcompany.Converter', executablePath='<DVTFilePath:0x600034af6d80:'/Users/garmayev/Library/Developer/Xcode/Archives/2024-06-19/Converter 19.06.2024, 14.19.xcarchive/Products/Applications/Converter.app/Converter'>', hardenedRuntime='0'>'>: {
    "application-identifier" = "3LY66YU3WN.ru.amgcompany.Converter";
    "com.apple.developer.team-identifier" = 3LY66YU3WN;
    "get-task-allow" = 1;
}
2024-06-19 06:27:30 +0000  Associated App Clip Identifiers Filter: Skipping because "com.apple.developer.associated-appclip-app-identifiers" is not present
2024-06-19 06:27:30 +0000  Entitlements for <IDEDistributionItem: 0x600038312b80; bundleID='ru.amgcompany.Converter', path='<DVTFilePath:0x600034af4e80:'/Users/garmayev/Library/Developer/Xcode/Archives/2024-06-19/Converter 19.06.2024, 14.19.xcarchive/Products/Applications/Converter.app'>', codeSigningInfo='<_DVTCodeSigningInformation_Path: 0x600054422170; isSigned='1', isAdHocSigned='0', signingCertificate='<DVTSigningCertificate: 0x60000dd64f00; name='Apple Development: Vladislav Ivanyuk (224Q3R5Y32)', hash='59829F4986CC75F9823AB971068A819C5D24D9D1', serialNumber='440AA35A791506FCDAD027FE8079C1E5', certificateKinds='(
    "1.2.840.113635.100.6.1.12",
    "1.2.840.113635.100.6.1.2"
), issueDate='2024-06-17 07:03:31 +0000''>', entitlements='{
    "application-identifier" = "3LY66YU3WN.ru.amgcompany.Converter";
    "com.apple.developer.team-identifier" = 3LY66YU3WN;
    "get-task-allow" = 1;
}', teamID='3LY66YU3WN', identifier='ru.amgcompany.Converter', executablePath='<DVTFilePath:0x600034af6d80:'/Users/garmayev/Library/Developer/Xcode/Archives/2024-06-19/Converter 19.06.2024, 14.19.xcarchive/Products/Applications/Converter.app/Converter'>', hardenedRuntime='0'>'> are: {
    "application-identifier" = "3LY66YU3WN.ru.amgcompany.Converter";
    "com.apple.developer.team-identifier" = 3LY66YU3WN;
    "get-task-allow" = 1;
}
2024-06-19 06:27:30 +0000  Writing entitlements for <IDEDistributionItem: 0x600038312b80; bundleID='ru.amgcompany.Converter', path='<DVTFilePath:0x600034af4e80:'/Users/garmayev/Library/Developer/Xcode/Archives/2024-06-19/Converter 19.06.2024, 14.19.xcarchive/Products/Applications/Converter.app'>', codeSigningInfo='<_DVTCodeSigningInformation_Path: 0x600054422170; isSigned='1', isAdHocSigned='0', signingCertificate='<DVTSigningCertificate: 0x60000d2e46c0; name='Apple Development: Vladislav Ivanyuk (224Q3R5Y32)', hash='59829F4986CC75F9823AB971068A819C5D24D9D1', serialNumber='440AA35A791506FCDAD027FE8079C1E5', certificateKinds='(
    "1.2.840.113635.100.6.1.12",
    "1.2.840.113635.100.6.1.2"
), issueDate='2024-06-17 07:03:31 +0000''>', entitlements='{
    "application-identifier" = "3LY66YU3WN.ru.amgcompany.Converter";
    "com.apple.developer.team-identifier" = 3LY66YU3WN;
    "get-task-allow" = 1;
}', teamID='3LY66YU3WN', identifier='ru.amgcompany.Converter', executablePath='<DVTFilePath:0x600034af6d80:'/Users/garmayev/Library/Developer/Xcode/Archives/2024-06-19/Converter 19.06.2024, 14.19.xcarchive/Products/Applications/Converter.app/Converter'>', hardenedRuntime='0'>'> to: /var/folders/sd/9t__046939j8tx12hfp743kc0000gn/T/XcodeDistPipeline.~~~w6KM2B/entitlements~~~tAZjqe
2024-06-19 06:27:30 +0000  Running /usr/bin/codesign '-vvv' '--force' '--sign' '59829F4986CC75F9823AB971068A819C5D24D9D1' '--entitlements' '/var/folders/sd/9t__046939j8tx12hfp743kc0000gn/T/XcodeDistPipeline.~~~w6KM2B/entitlements~~~tAZjqe' '--generate-entitlement-der' '--strip-disallowed-xattrs' '--preserve-metadata=identifier,flags,runtime' '/var/folders/sd/9t__046939j8tx12hfp743kc0000gn/T/XcodeDistPipeline.~~~w6KM2B/Root/Payload/Converter.app'
2024-06-19 06:27:30 +0000  /var/folders/sd/9t__046939j8tx12hfp743kc0000gn/T/XcodeDistPipeline.~~~w6KM2B/Root/Payload/Converter.app: replacing existing signature
2024-06-19 06:27:30 +0000  /var/folders/sd/9t__046939j8tx12hfp743kc0000gn/T/XcodeDistPipeline.~~~w6KM2B/Root/Payload/Converter.app: signed app bundle with Mach-O thin (arm64) [ru.amgcompany.Converter]
2024-06-19 06:27:30 +0000  /usr/bin/codesign exited with 0
2024-06-19 06:27:30 +0000  Processing step: IDEDistributionZipODRItemStep
2024-06-19 06:27:30 +0000  Skipping step: IDEDistributionZipODRItemStep because it said so
2024-06-19 06:27:30 +0000  Skipping step: IDEDistributionZipODRItemStep because it said so
2024-06-19 06:27:30 +0000  Processing step: IDEDistributionCreateIPAStep
2024-06-19 06:27:30 +0000  Running /usr/bin/ditto '-V' '-c' '-k' '--norsrc' '/var/folders/sd/9t__046939j8tx12hfp743kc0000gn/T/XcodeDistPipeline.~~~w6KM2B/Root' '/var/folders/sd/9t__046939j8tx12hfp743kc0000gn/T/XcodeDistPipeline.~~~w6KM2B/Packages/Converter.ipa'
2024-06-19 06:27:30 +0000  >>> Copying /var/folders/sd/9t__046939j8tx12hfp743kc0000gn/T/XcodeDistPipeline.~~~w6KM2B/Root 
2024-06-19 06:27:30 +0000  copying file ./Payload/Converter.app/_CodeSignature/CodeResources ... 
2024-06-19 06:27:30 +0000  36700 bytes for ./Payload/Converter.app/_CodeSignature/CodeResources
copying file ./Payload/Converter.app/Converter ... 
2024-06-19 06:27:30 +0000  4872208 bytes for ./Payload/Converter.app/Converter
copying file ./Payload/Converter.app/main.jsbundle ... 
2024-06-19 06:27:30 +0000  4337838 bytes for ./Payload/Converter.app/main.jsbundle
2024-06-19 06:27:30 +0000  copying file ./Payload/Converter.app/RCTI18nStrings.bundle/de.lproj/Localizable.strings ... 
64 bytes for ./Payload/Converter.app/RCTI18nStrings.bundle/de.lproj/Localizable.strings
copying file ./Payload/Converter.app/RCTI18nStrings.bundle/de.lproj/fbt_language_pack.bin ... 
2024-06-19 06:27:30 +0000  1312 bytes for ./Payload/Converter.app/RCTI18nStrings.bundle/de.lproj/fbt_language_pack.bin
copying file ./Payload/Converter.app/RCTI18nStrings.bundle/he.lproj/Localizable.strings ... 
2024-06-19 06:27:30 +0000  64 bytes for ./Payload/Converter.app/RCTI18nStrings.bundle/he.lproj/Localizable.strings
copying file ./Payload/Converter.app/RCTI18nStrings.bundle/he.lproj/fbt_language_pack.bin ... 
1444 bytes for ./Payload/Converter.app/RCTI18nStrings.bundle/he.lproj/fbt_language_pack.bin
2024-06-19 06:27:30 +0000  copying file ./Payload/Converter.app/RCTI18nStrings.bundle/ar.lproj/Localizable.strings ... 
64 bytes for ./Payload/Converter.app/RCTI18nStrings.bundle/ar.lproj/Localizable.strings
copying file ./Payload/Converter.app/RCTI18nStrings.bundle/ar.lproj/fbt_language_pack.bin ... 
2024-06-19 06:27:30 +0000  1500 bytes for ./Payload/Converter.app/RCTI18nStrings.bundle/ar.lproj/fbt_language_pack.bin
copying file ./Payload/Converter.app/RCTI18nStrings.bundle/el.lproj/Localizable.strings ... 
2024-06-19 06:27:30 +0000  64 bytes for ./Payload/Converter.app/RCTI18nStrings.bundle/el.lproj/Localizable.strings
copying file ./Payload/Converter.app/RCTI18nStrings.bundle/el.lproj/fbt_language_pack.bin ... 
1600 bytes for ./Payload/Converter.app/RCTI18nStrings.bundle/el.lproj/fbt_language_pack.bin
copying file ./Payload/Converter.app/RCTI18nStrings.bundle/zh-Hans.lproj/Localizable.strings ... 
2024-06-19 06:27:30 +0000  64 bytes for ./Payload/Converter.app/RCTI18nStrings.bundle/zh-Hans.lproj/Localizable.strings
copying file ./Payload/Converter.app/RCTI18nStrings.bundle/zh-Hans.lproj/fbt_language_pack.bin ... 
1296 bytes for ./Payload/Converter.app/RCTI18nStrings.bundle/zh-Hans.lproj/fbt_language_pack.bin
2024-06-19 06:27:30 +0000  copying file ./Payload/Converter.app/RCTI18nStrings.bundle/ja.lproj/Localizable.strings ... 
64 bytes for ./Payload/Converter.app/RCTI18nStrings.bundle/ja.lproj/Localizable.strings
2024-06-19 06:27:30 +0000  copying file ./Payload/Converter.app/RCTI18nStrings.bundle/ja.lproj/fbt_language_pack.bin ... 
2024-06-19 06:27:30 +0000  1436 bytes for ./Payload/Converter.app/RCTI18nStrings.bundle/ja.lproj/fbt_language_pack.bin
copying file ./Payload/Converter.app/RCTI18nStrings.bundle/en.lproj/Localizable.strings ... 
2024-06-19 06:27:30 +0000  64 bytes for ./Payload/Converter.app/RCTI18nStrings.bundle/en.lproj/Localizable.strings
copying file ./Payload/Converter.app/RCTI18nStrings.bundle/zh-Hant-HK.lproj/Localizable.strings ... 
64 bytes for ./Payload/Converter.app/RCTI18nStrings.bundle/zh-Hant-HK.lproj/Localizable.strings
2024-06-19 06:27:30 +0000  copying file ./Payload/Converter.app/RCTI18nStrings.bundle/zh-Hant-HK.lproj/fbt_language_pack.bin ... 
1296 bytes for ./Payload/Converter.app/RCTI18nStrings.bundle/zh-Hant-HK.lproj/fbt_language_pack.bin
2024-06-19 06:27:30 +0000  copying file ./Payload/Converter.app/RCTI18nStrings.bundle/uk.lproj/Localizable.strings ... 
64 bytes for ./Payload/Converter.app/RCTI18nStrings.bundle/uk.lproj/Localizable.strings
copying file ./Payload/Converter.app/RCTI18nStrings.bundle/uk.lproj/fbt_language_pack.bin ... 
2024-06-19 06:27:30 +0000  1564 bytes for ./Payload/Converter.app/RCTI18nStrings.bundle/uk.lproj/fbt_language_pack.bin
2024-06-19 06:27:30 +0000  copying file ./Payload/Converter.app/RCTI18nStrings.bundle/nb.lproj/Localizable.strings ... 
64 bytes for ./Payload/Converter.app/RCTI18nStrings.bundle/nb.lproj/Localizable.strings
copying file ./Payload/Converter.app/RCTI18nStrings.bundle/nb.lproj/fbt_language_pack.bin ... 
2024-06-19 06:27:30 +0000  1296 bytes for ./Payload/Converter.app/RCTI18nStrings.bundle/nb.lproj/fbt_language_pack.bin
copying file ./Payload/Converter.app/RCTI18nStrings.bundle/en-GB.lproj/Localizable.strings ... 
2024-06-19 06:27:30 +0000  64 bytes for ./Payload/Converter.app/RCTI18nStrings.bundle/en-GB.lproj/Localizable.strings
copying file ./Payload/Converter.app/RCTI18nStrings.bundle/en-GB.lproj/fbt_language_pack.bin ... 
2024-06-19 06:27:30 +0000  1268 bytes for ./Payload/Converter.app/RCTI18nStrings.bundle/en-GB.lproj/fbt_language_pack.bin
copying file ./Payload/Converter.app/RCTI18nStrings.bundle/es.lproj/Localizable.strings ... 
2024-06-19 06:27:30 +0000  64 bytes for ./Payload/Converter.app/RCTI18nStrings.bundle/es.lproj/Localizable.strings
copying file ./Payload/Converter.app/RCTI18nStrings.bundle/es.lproj/fbt_language_pack.bin ... 
2024-06-19 06:27:30 +0000  1364 bytes for ./Payload/Converter.app/RCTI18nStrings.bundle/es.lproj/fbt_language_pack.bin
copying file ./Payload/Converter.app/RCTI18nStrings.bundle/da.lproj/Localizable.strings ... 
2024-06-19 06:27:30 +0000  64 bytes for ./Payload/Converter.app/RCTI18nStrings.bundle/da.lproj/Localizable.strings
copying file ./Payload/Converter.app/RCTI18nStrings.bundle/da.lproj/fbt_language_pack.bin ... 
2024-06-19 06:27:30 +0000  1300 bytes for ./Payload/Converter.app/RCTI18nStrings.bundle/da.lproj/fbt_language_pack.bin
copying file ./Payload/Converter.app/RCTI18nStrings.bundle/it.lproj/Localizable.strings ... 
2024-06-19 06:27:30 +0000  64 bytes for ./Payload/Converter.app/RCTI18nStrings.bundle/it.lproj/Localizable.strings
copying file ./Payload/Converter.app/RCTI18nStrings.bundle/it.lproj/fbt_language_pack.bin ... 
1388 bytes for ./Payload/Converter.app/RCTI18nStrings.bundle/it.lproj/fbt_language_pack.bin
2024-06-19 06:27:30 +0000  copying file ./Payload/Converter.app/RCTI18nStrings.bundle/sk.lproj/Localizable.strings ... 
64 bytes for ./Payload/Converter.app/RCTI18nStrings.bundle/sk.lproj/Localizable.strings
copying file ./Payload/Converter.app/RCTI18nStrings.bundle/sk.lproj/fbt_language_pack.bin ... 
2024-06-19 06:27:30 +0000  1356 bytes for ./Payload/Converter.app/RCTI18nStrings.bundle/sk.lproj/fbt_language_pack.bin
2024-06-19 06:27:30 +0000  copying file ./Payload/Converter.app/RCTI18nStrings.bundle/es-ES.lproj/Localizable.strings ... 
64 bytes for ./Payload/Converter.app/RCTI18nStrings.bundle/es-ES.lproj/Localizable.strings
copying file ./Payload/Converter.app/RCTI18nStrings.bundle/es-ES.lproj/fbt_language_pack.bin ... 
2024-06-19 06:27:30 +0000  1368 bytes for ./Payload/Converter.app/RCTI18nStrings.bundle/es-ES.lproj/fbt_language_pack.bin
copying file ./Payload/Converter.app/RCTI18nStrings.bundle/ms.lproj/Localizable.strings ... 
2024-06-19 06:27:30 +0000  64 bytes for ./Payload/Converter.app/RCTI18nStrings.bundle/ms.lproj/Localizable.strings
copying file ./Payload/Converter.app/RCTI18nStrings.bundle/ms.lproj/fbt_language_pack.bin ... 
1292 bytes for ./Payload/Converter.app/RCTI18nStrings.bundle/ms.lproj/fbt_language_pack.bin
2024-06-19 06:27:30 +0000  copying file ./Payload/Converter.app/RCTI18nStrings.bundle/sv.lproj/Localizable.strings ... 
2024-06-19 06:27:30 +0000  64 bytes for ./Payload/Converter.app/RCTI18nStrings.bundle/sv.lproj/Localizable.strings
copying file ./Payload/Converter.app/RCTI18nStrings.bundle/sv.lproj/fbt_language_pack.bin ... 
2024-06-19 06:27:30 +0000  1300 bytes for ./Payload/Converter.app/RCTI18nStrings.bundle/sv.lproj/fbt_language_pack.bin
copying file ./Payload/Converter.app/RCTI18nStrings.bundle/cs.lproj/Localizable.strings ... 
64 bytes for ./Payload/Converter.app/RCTI18nStrings.bundle/cs.lproj/Localizable.strings
2024-06-19 06:27:30 +0000  copying file ./Payload/Converter.app/RCTI18nStrings.bundle/cs.lproj/fbt_language_pack.bin ... 
1368 bytes for ./Payload/Converter.app/RCTI18nStrings.bundle/cs.lproj/fbt_language_pack.bin
2024-06-19 06:27:30 +0000  copying file ./Payload/Converter.app/RCTI18nStrings.bundle/ko.lproj/Localizable.strings ... 
64 bytes for ./Payload/Converter.app/RCTI18nStrings.bundle/ko.lproj/Localizable.strings
2024-06-19 06:27:30 +0000  copying file ./Payload/Converter.app/RCTI18nStrings.bundle/ko.lproj/fbt_language_pack.bin ... 
1332 bytes for ./Payload/Converter.app/RCTI18nStrings.bundle/ko.lproj/fbt_language_pack.bin
2024-06-19 06:27:30 +0000  copying file ./Payload/Converter.app/RCTI18nStrings.bundle/zh-Hant.lproj/Localizable.strings ... 
64 bytes for ./Payload/Converter.app/RCTI18nStrings.bundle/zh-Hant.lproj/Localizable.strings
2024-06-19 06:27:30 +0000  copying file ./Payload/Converter.app/RCTI18nStrings.bundle/zh-Hant.lproj/fbt_language_pack.bin ... 
1308 bytes for ./Payload/Converter.app/RCTI18nStrings.bundle/zh-Hant.lproj/fbt_language_pack.bin
2024-06-19 06:27:30 +0000  copying file ./Payload/Converter.app/RCTI18nStrings.bundle/hu.lproj/Localizable.strings ... 
64 bytes for ./Payload/Converter.app/RCTI18nStrings.bundle/hu.lproj/Localizable.strings
2024-06-19 06:27:30 +0000  copying file ./Payload/Converter.app/RCTI18nStrings.bundle/hu.lproj/fbt_language_pack.bin ... 
2024-06-19 06:27:30 +0000  1348 bytes for ./Payload/Converter.app/RCTI18nStrings.bundle/hu.lproj/fbt_language_pack.bin
2024-06-19 06:27:30 +0000  copying file ./Payload/Converter.app/RCTI18nStrings.bundle/tr.lproj/Localizable.strings ... 
64 bytes for ./Payload/Converter.app/RCTI18nStrings.bundle/tr.lproj/Localizable.strings
copying file ./Payload/Converter.app/RCTI18nStrings.bundle/tr.lproj/fbt_language_pack.bin ... 
2024-06-19 06:27:30 +0000  1360 bytes for ./Payload/Converter.app/RCTI18nStrings.bundle/tr.lproj/fbt_language_pack.bin
copying file ./Payload/Converter.app/RCTI18nStrings.bundle/pl.lproj/Localizable.strings ... 
2024-06-19 06:27:30 +0000  64 bytes for ./Payload/Converter.app/RCTI18nStrings.bundle/pl.lproj/Localizable.strings
copying file ./Payload/Converter.app/RCTI18nStrings.bundle/pl.lproj/fbt_language_pack.bin ... 
1340 bytes for ./Payload/Converter.app/RCTI18nStrings.bundle/pl.lproj/fbt_language_pack.bin
2024-06-19 06:27:30 +0000  copying file ./Payload/Converter.app/RCTI18nStrings.bundle/vi.lproj/Localizable.strings ... 
64 bytes for ./Payload/Converter.app/RCTI18nStrings.bundle/vi.lproj/Localizable.strings
copying file ./Payload/Converter.app/RCTI18nStrings.bundle/vi.lproj/fbt_language_pack.bin ... 
2024-06-19 06:27:30 +0000  1352 bytes for ./Payload/Converter.app/RCTI18nStrings.bundle/vi.lproj/fbt_language_pack.bin
copying file ./Payload/Converter.app/RCTI18nStrings.bundle/ru.lproj/Localizable.strings ... 
64 bytes for ./Payload/Converter.app/RCTI18nStrings.bundle/ru.lproj/Localizable.strings
copying file ./Payload/Converter.app/RCTI18nStrings.bundle/ru.lproj/fbt_language_pack.bin ... 
2024-06-19 06:27:30 +0000  1576 bytes for ./Payload/Converter.app/RCTI18nStrings.bundle/ru.lproj/fbt_language_pack.bin
copying file ./Payload/Converter.app/RCTI18nStrings.bundle/fr.lproj/Localizable.strings ... 
2024-06-19 06:27:30 +0000  64 bytes for ./Payload/Converter.app/RCTI18nStrings.bundle/fr.lproj/Localizable.strings
copying file ./Payload/Converter.app/RCTI18nStrings.bundle/fr.lproj/fbt_language_pack.bin ... 
2024-06-19 06:27:30 +0000  1360 bytes for ./Payload/Converter.app/RCTI18nStrings.bundle/fr.lproj/fbt_language_pack.bin
2024-06-19 06:27:30 +0000  copying file ./Payload/Converter.app/RCTI18nStrings.bundle/fi.lproj/Localizable.strings ... 
64 bytes for ./Payload/Converter.app/RCTI18nStrings.bundle/fi.lproj/Localizable.strings
copying file ./Payload/Converter.app/RCTI18nStrings.bundle/fi.lproj/fbt_language_pack.bin ... 
2024-06-19 06:27:30 +0000  1340 bytes for ./Payload/Converter.app/RCTI18nStrings.bundle/fi.lproj/fbt_language_pack.bin
copying file ./Payload/Converter.app/RCTI18nStrings.bundle/id.lproj/Localizable.strings ... 
64 bytes for ./Payload/Converter.app/RCTI18nStrings.bundle/id.lproj/Localizable.strings
copying file ./Payload/Converter.app/RCTI18nStrings.bundle/id.lproj/fbt_language_pack.bin ... 
1300 bytes for ./Payload/Converter.app/RCTI18nStrings.bundle/id.lproj/fbt_language_pack.bin
copying file ./Payload/Converter.app/RCTI18nStrings.bundle/nl.lproj/Localizable.strings ... 
64 bytes for ./Payload/Converter.app/RCTI18nStrings.bundle/nl.lproj/Localizable.strings
2024-06-19 06:27:30 +0000  copying file ./Payload/Converter.app/RCTI18nStrings.bundle/nl.lproj/fbt_language_pack.bin ... 
1324 bytes for ./Payload/Converter.app/RCTI18nStrings.bundle/nl.lproj/fbt_language_pack.bin
copying file ./Payload/Converter.app/RCTI18nStrings.bundle/th.lproj/Localizable.strings ... 
64 bytes for ./Payload/Converter.app/RCTI18nStrings.bundle/th.lproj/Localizable.strings
copying file ./Payload/Converter.app/RCTI18nStrings.bundle/th.lproj/fbt_language_pack.bin ... 
1784 bytes for ./Payload/Converter.app/RCTI18nStrings.bundle/th.lproj/fbt_language_pack.bin
copying file ./Payload/Converter.app/RCTI18nStrings.bundle/pt.lproj/Localizable.strings ... 
2024-06-19 06:27:30 +0000  64 bytes for ./Payload/Converter.app/RCTI18nStrings.bundle/pt.lproj/Localizable.strings
copying file ./Payload/Converter.app/RCTI18nStrings.bundle/pt.lproj/fbt_language_pack.bin ... 
2024-06-19 06:27:30 +0000  1356 bytes for ./Payload/Converter.app/RCTI18nStrings.bundle/pt.lproj/fbt_language_pack.bin
copying file ./Payload/Converter.app/RCTI18nStrings.bundle/zu.lproj/Localizable.strings ... 
2024-06-19 06:27:30 +0000  64 bytes for ./Payload/Converter.app/RCTI18nStrings.bundle/zu.lproj/Localizable.strings
copying file ./Payload/Converter.app/RCTI18nStrings.bundle/zu.lproj/fbt_language_pack.bin ... 
2024-06-19 06:27:30 +0000  2076 bytes for ./Payload/Converter.app/RCTI18nStrings.bundle/zu.lproj/fbt_language_pack.bin
2024-06-19 06:27:30 +0000  copying file ./Payload/Converter.app/RCTI18nStrings.bundle/pt-PT.lproj/Localizable.strings ... 
64 bytes for ./Payload/Converter.app/RCTI18nStrings.bundle/pt-PT.lproj/Localizable.strings
copying file ./Payload/Converter.app/RCTI18nStrings.bundle/pt-PT.lproj/fbt_language_pack.bin ... 
1372 bytes for ./Payload/Converter.app/RCTI18nStrings.bundle/pt-PT.lproj/fbt_language_pack.bin
2024-06-19 06:27:30 +0000  copying file ./Payload/Converter.app/RCTI18nStrings.bundle/ro.lproj/Localizable.strings ... 
64 bytes for ./Payload/Converter.app/RCTI18nStrings.bundle/ro.lproj/Localizable.strings
copying file ./Payload/Converter.app/RCTI18nStrings.bundle/ro.lproj/fbt_language_pack.bin ... 
2024-06-19 06:27:30 +0000  1344 bytes for ./Payload/Converter.app/RCTI18nStrings.bundle/ro.lproj/fbt_language_pack.bin
copying file ./Payload/Converter.app/RCTI18nStrings.bundle/Info.plist ... 
776 bytes for ./Payload/Converter.app/RCTI18nStrings.bundle/Info.plist
2024-06-19 06:27:30 +0000  copying file ./Payload/Converter.app/RCTI18nStrings.bundle/hr.lproj/Localizable.strings ... 
2024-06-19 06:27:30 +0000  64 bytes for ./Payload/Converter.app/RCTI18nStrings.bundle/hr.lproj/Localizable.strings
copying file ./Payload/Converter.app/RCTI18nStrings.bundle/hr.lproj/fbt_language_pack.bin ... 
2024-06-19 06:27:30 +0000  1352 bytes for ./Payload/Converter.app/RCTI18nStrings.bundle/hr.lproj/fbt_language_pack.bin
copying file ./Payload/Converter.app/RCTI18nStrings.bundle/hi.lproj/Localizable.strings ... 
2024-06-19 06:27:30 +0000  64 bytes for ./Payload/Converter.app/RCTI18nStrings.bundle/hi.lproj/Localizable.strings
copying file ./Payload/Converter.app/RCTI18nStrings.bundle/hi.lproj/fbt_language_pack.bin ... 
1640 bytes for ./Payload/Converter.app/RCTI18nStrings.bundle/hi.lproj/fbt_language_pack.bin
2024-06-19 06:27:30 +0000  copying file ./Payload/Converter.app/PrivacyInfo.xcprivacy ... 
986 bytes for ./Payload/Converter.app/PrivacyInfo.xcprivacy
copying file ./Payload/Converter.app/LaunchScreen.storyboardc/01J-lp-oVM-view-Ze5-6b-2t3.nib ... 
2024-06-19 06:27:30 +0000  3817 bytes for ./Payload/Converter.app/LaunchScreen.storyboardc/01J-lp-oVM-view-Ze5-6b-2t3.nib
copying file ./Payload/Converter.app/LaunchScreen.storyboardc/UIViewController-01J-lp-oVM.nib ... 
2024-06-19 06:27:30 +0000  924 bytes for ./Payload/Converter.app/LaunchScreen.storyboardc/UIViewController-01J-lp-oVM.nib
copying file ./Payload/Converter.app/LaunchScreen.storyboardc/Info.plist ... 
2024-06-19 06:27:30 +0000  258 bytes for ./Payload/Converter.app/LaunchScreen.storyboardc/Info.plist
2024-06-19 06:27:30 +0000  copying file ./Payload/Converter.app/Frameworks/hermes.framework/_CodeSignature/CodeResources ... 
1798 bytes for ./Payload/Converter.app/Frameworks/hermes.framework/_CodeSignature/CodeResources
2024-06-19 06:27:30 +0000  copying file ./Payload/Converter.app/Frameworks/hermes.framework/hermes ... 
2024-06-19 06:27:31 +0000  4449312 bytes for ./Payload/Converter.app/Frameworks/hermes.framework/hermes
copying file ./Payload/Converter.app/Frameworks/hermes.framework/Info.plist ... 
2024-06-19 06:27:31 +0000  815 bytes for ./Payload/Converter.app/Frameworks/hermes.framework/Info.plist
copying file ./Payload/Converter.app/embedded.mobileprovision ... 
2024-06-19 06:27:31 +0000  12423 bytes for ./Payload/Converter.app/embedded.mobileprovision
2024-06-19 06:27:31 +0000  copying file ./Payload/Converter.app/assets/node_modules/@react-navigation/drawer/src/views/assets/toggle-drawer-icon@3x.png ... 
2024-06-19 06:27:31 +0000  212 bytes for ./Payload/Converter.app/assets/node_modules/@react-navigation/drawer/src/views/assets/toggle-drawer-icon@3x.png
copying file ./Payload/Converter.app/assets/node_modules/@react-navigation/drawer/src/views/assets/toggle-drawer-icon@2x.png ... 
2024-06-19 06:27:31 +0000  163 bytes for ./Payload/Converter.app/assets/node_modules/@react-navigation/drawer/src/views/assets/toggle-drawer-icon@2x.png
copying file ./Payload/Converter.app/assets/node_modules/@react-navigation/drawer/src/views/assets/toggle-drawer-icon.png ... 
108 bytes for ./Payload/Converter.app/assets/node_modules/@react-navigation/drawer/src/views/assets/toggle-drawer-icon.png
copying file ./Payload/Converter.app/assets/node_modules/@react-navigation/elements/src/assets/back-icon@3x.png ... 
2024-06-19 06:27:31 +0000  761 bytes for ./Payload/Converter.app/assets/node_modules/@react-navigation/elements/src/assets/back-icon@3x.png
copying file ./Payload/Converter.app/assets/node_modules/@react-navigation/elements/src/assets/back-icon@2x.png ... 
405 bytes for ./Payload/Converter.app/assets/node_modules/@react-navigation/elements/src/assets/back-icon@2x.png
copying file ./Payload/Converter.app/assets/node_modules/@react-navigation/elements/src/assets/back-icon.png ... 
290 bytes for ./Payload/Converter.app/assets/node_modules/@react-navigation/elements/src/assets/back-icon.png
copying file ./Payload/Converter.app/assets/node_modules/@react-navigation/elements/src/assets/back-icon-mask.png ... 
2024-06-19 06:27:31 +0000  913 bytes for ./Payload/Converter.app/assets/node_modules/@react-navigation/elements/src/assets/back-icon-mask.png
copying file ./Payload/Converter.app/assets/src/assets/footer-gas.png ... 
2024-06-19 06:27:31 +0000  10746 bytes for ./Payload/Converter.app/assets/src/assets/footer-gas.png
copying file ./Payload/Converter.app/assets/src/assets/bg-car.png ... 
2024-06-19 06:27:31 +0000  4554132 bytes for ./Payload/Converter.app/assets/src/assets/bg-car.png
copying file ./Payload/Converter.app/assets/src/assets/logo-mini.png ... 
2024-06-19 06:27:31 +0000  22987 bytes for ./Payload/Converter.app/assets/src/assets/logo-mini.png
2024-06-19 06:27:31 +0000  copying file ./Payload/Converter.app/Info.plist ... 
1234 bytes for ./Payload/Converter.app/Info.plist
copying file ./Payload/Converter.app/PkgInfo ... 
8 bytes for ./Payload/Converter.app/PkgInfo
2024-06-19 06:27:31 +0000  /usr/bin/ditto exited with 0
2024-06-19 06:27:31 +0000  Processing step: IDEDistributionAppStoreInformationStep
2024-06-19 06:27:31 +0000  Skipping step: IDEDistributionAppStoreInformationStep because it said so
2024-06-19 06:27:31 +0000  Processing step: IDEDistributionGenerateProcessedDistributionItems
2024-06-19 06:27:31 +0000  IDEDistributionItem init <DVTFilePath:0x600038920880:'/var/folders/sd/9t__046939j8tx12hfp743kc0000gn/T/XcodeDistPipeline.~~~w6KM2B/Root/Payload/Converter.app/Frameworks/hermes.framework'>
2024-06-19 06:27:31 +0000  IDEDistributionItem init <DVTFilePath:0x60003892cb80:'/var/folders/sd/9t__046939j8tx12hfp743kc0000gn/T/XcodeDistPipeline.~~~w6KM2B/Root/Payload/Converter.app'>
2024-06-19 06:27:31 +0000  Processing step: IDEDistributionCreateManifestStep
