#
# There is insufficient memory for the Java Runtime Environment to continue.
# Native memory allocation (malloc) failed to allocate 32744 bytes for ChunkPool::allocate
# Possible reasons:
#   The system is out of physical RAM or swap space
#   The process is running with CompressedOops enabled, and the Java Heap may be blocking the growth of the native heap
# Possible solutions:
#   Reduce memory load on the system
#   Increase physical memory or swap space
#   Check if swap backing store is full
#   Decrease Java heap size (-Xmx/-Xms)
#   Decrease number of Java threads
#   Decrease Java thread stack sizes (-Xss)
#   Set larger code cache with -XX:ReservedCodeCacheSize=
#   JVM is running with Unscaled Compressed Oops mode in which the Java heap is
#     placed in the first 4GB address space. The Java Heap base address is the
#     maximum limit for the native heap growth. Please use -XX:HeapBaseMinAddress
#     to set the Java Heap base and to place the Java Heap above 4GB virtual address.
# This output file may be truncated or incomplete.
#
#  Out of Memory Error (arena.cpp:78), pid=14904, tid=9196
#
# JRE version: OpenJDK Runtime Environment (17.0.2+8) (build 17.0.2+8-86)
# Java VM: OpenJDK 64-Bit Server VM (17.0.2+8-86, mixed mode, sharing, tiered, compressed oops, compressed class ptrs, g1 gc, windows-amd64)
# No core dump will be written. Minidumps are not enabled by default on client versions of Windows
#

---------------  S U M M A R Y ------------

Command Line: -Xmx64m -Xms64m -Dorg.gradle.appname=gradlew org.gradle.wrapper.GradleWrapperMain app:installDebug -PreactNativeDevServerPort=8081

Host: 12th Gen Intel(R) Core(TM) i5-12400, 12 cores, 15G,  Windows 10 , 64 bit Build 19041 (10.0.19041.3636)
Time: Fri May 17 11:35:24 2024 RTZ 7 (s 10 , 64 bit Build 19041 (10.0.19041.3636) elapsed time: 0.115738 seconds (0d 0h 0m 0s)

---------------  T H R E A D  ---------------

Current thread (0x000001e0d29912b0):  JavaThread "C1 CompilerThread0" daemon [_thread_in_native, id=9196, stack(0x0000001642900000,0x0000001642a00000)]


Current CompileTask:
C1:    115  158       3       sun.security.util.KnownOIDs::register (349 bytes)

Stack: [0x0000001642900000,0x0000001642a00000]
Native frames: (J=compiled Java code, j=interpreted, Vv=VM code, C=native code)
V  [jvm.dll+0x670baa]
V  [jvm.dll+0x7cfcb4]
V  [jvm.dll+0x7d145e]
V  [jvm.dll+0x7d1ac3]
V  [jvm.dll+0x242bc5]
V  [jvm.dll+0xaa7c0]
V  [jvm.dll+0xaab0c]
V  [jvm.dll+0x16a1cd]
V  [jvm.dll+0x16eaa2]
V  [jvm.dll+0x15b8be]
V  [jvm.dll+0x149bd0]
V  [jvm.dll+0x1327a7]
V  [jvm.dll+0x13212f]
V  [jvm.dll+0x132366]
V  [jvm.dll+0x1317fa]
V  [jvm.dll+0x1334c1]
V  [jvm.dll+0x224908]
V  [jvm.dll+0x222a6c]
V  [jvm.dll+0x7859bb]
V  [jvm.dll+0x77ff7a]
V  [jvm.dll+0x66fa35]
C  [ucrtbase.dll+0x21bb2]
C  [KERNEL32.DLL+0x17344]
C  [ntdll.dll+0x526b1]


---------------  P R O C E S S  ---------------

Threads class SMR info:
_java_thread_list=0x000001e0d2991160, length=13, elements={
0x000001e0b8dfb8f0, 0x000001e0d296c4a0, 0x000001e0d296d310, 0x000001e0d297d6d0,
0x000001e0d297f290, 0x000001e0d2985c70, 0x000001e0d2986a30, 0x000001e0d2987fe0,
0x000001e0d29912b0, 0x000001e0d29c15c0, 0x000001e0d34abb70, 0x000001e0d34af6b0,
0x000001e0d34be360
}

Java Threads: ( => current thread )
  0x000001e0b8dfb8f0 JavaThread "main" [_thread_in_Java, id=9168, stack(0x0000001641b00000,0x0000001641c00000)]
  0x000001e0d296c4a0 JavaThread "Reference Handler" daemon [_thread_blocked, id=23072, stack(0x0000001642200000,0x0000001642300000)]
  0x000001e0d296d310 JavaThread "Finalizer" daemon [_thread_blocked, id=6148, stack(0x0000001642300000,0x0000001642400000)]
  0x000001e0d297d6d0 JavaThread "Signal Dispatcher" daemon [_thread_blocked, id=28880, stack(0x0000001642400000,0x0000001642500000)]
  0x000001e0d297f290 JavaThread "Attach Listener" daemon [_thread_blocked, id=28180, stack(0x0000001642500000,0x0000001642600000)]
  0x000001e0d2985c70 JavaThread "Service Thread" daemon [_thread_blocked, id=20324, stack(0x0000001642600000,0x0000001642700000)]
  0x000001e0d2986a30 JavaThread "Monitor Deflation Thread" daemon [_thread_blocked, id=28952, stack(0x0000001642700000,0x0000001642800000)]
  0x000001e0d2987fe0 JavaThread "C2 CompilerThread0" daemon [_thread_blocked, id=28024, stack(0x0000001642800000,0x0000001642900000)]
=>0x000001e0d29912b0 JavaThread "C1 CompilerThread0" daemon [_thread_in_native, id=9196, stack(0x0000001642900000,0x0000001642a00000)]
  0x000001e0d29c15c0 JavaThread "Sweeper thread" daemon [_thread_blocked, id=14316, stack(0x0000001642a00000,0x0000001642b00000)]
  0x000001e0d34abb70 JavaThread "Notification Thread" daemon [_thread_blocked, id=12620, stack(0x0000001642b00000,0x0000001642c00000)]
  0x000001e0d34af6b0 JavaThread "Common-Cleaner" daemon [_thread_blocked, id=19716, stack(0x0000001642d00000,0x0000001642e00000)]
  0x000001e0d34be360 JavaThread "C2 CompilerThread1" daemon [_thread_in_native, id=27988, stack(0x0000001642e00000,0x0000001642f00000)]

Other Threads:
  0x000001e0d2966990 VMThread "VM Thread" [stack: 0x0000001642100000,0x0000001642200000] [id=4728]
  0x000001e0b8e2ca60 WatcherThread [stack: 0x0000001642c00000,0x0000001642d00000] [id=13948]
  0x000001e0b8e1b110 GCTaskThread "GC Thread#0" [stack: 0x0000001641c00000,0x0000001641d00000] [id=1976]
  0x000001e0b8e1c850 ConcurrentGCThread "G1 Main Marker" [stack: 0x0000001641d00000,0x0000001641e00000] [id=13344]
  0x000001e0b8e1d260 ConcurrentGCThread "G1 Conc#0" [stack: 0x0000001641e00000,0x0000001641f00000] [id=17572]
  0x000001e0b8eb4d80 ConcurrentGCThread "G1 Refine#0" [stack: 0x0000001641f00000,0x0000001642000000] [id=24100]
  0x000001e0b8eb57a0 ConcurrentGCThread "G1 Service" [stack: 0x0000001642000000,0x0000001642100000] [id=14772]

Threads with active compile tasks:
C1 CompilerThread0      132  158       3       sun.security.util.KnownOIDs::register (349 bytes)
C2 CompilerThread1      132  186 %     4       java.lang.StringLatin1::indexOfChar @ 7 (33 bytes)

VM state: not at safepoint (normal execution)

VM Mutex/Monitor currently owned by a thread: None

Heap address: 0x00000000fc000000, size: 64 MB, Compressed Oops mode: 32-bit

CDS archive(s) mapped at: [0x0000000800000000-0x0000000800bc0000-0x0000000800bc0000), size 12320768, SharedBaseAddress: 0x0000000800000000, ArchiveRelocationMode: 0.
Compressed class space mapped at: 0x0000000800c00000-0x0000000840c00000, reserved size: 1073741824
Narrow klass base: 0x0000000800000000, Narrow klass shift: 0, Narrow klass range: 0x100000000

GC Precious Log:
 CPUs: 12 total, 12 available
 Memory: 16157M
 Large Page Support: Disabled
 NUMA Support: Disabled
 Compressed Oops: Enabled (32-bit)
 Heap Region Size: 1M
 Heap Min Capacity: 64M
 Heap Initial Capacity: 64M
 Heap Max Capacity: 64M
 Pre-touch: Disabled
 Parallel Workers: 10
 Concurrent Workers: 3
 Concurrent Refinement Workers: 10
 Periodic GC: Disabled

Heap:
 garbage-first heap   total 65536K, used 4096K [0x00000000fc000000, 0x0000000100000000)
  region size 1024K, 6 young (6144K), 0 survivors (0K)
 Metaspace       used 1490K, committed 1600K, reserved 1056768K
  class space    used 158K, committed 192K, reserved 1048576K

Heap Regions: E=young(eden), S=young(survivor), O=old, HS=humongous(starts), HC=humongous(continues), CS=collection set, F=free, OA=open archive, CA=closed archive, TAMS=top-at-mark-start (previous, next)
|   0|0x00000000fc000000, 0x00000000fc000000, 0x00000000fc100000|  0%| F|  |TAMS 0x00000000fc000000, 0x00000000fc000000| Untracked 
|   1|0x00000000fc100000, 0x00000000fc100000, 0x00000000fc200000|  0%| F|  |TAMS 0x00000000fc100000, 0x00000000fc100000| Untracked 
|   2|0x00000000fc200000, 0x00000000fc200000, 0x00000000fc300000|  0%| F|  |TAMS 0x00000000fc200000, 0x00000000fc200000| Untracked 
|   3|0x00000000fc300000, 0x00000000fc300000, 0x00000000fc400000|  0%| F|  |TAMS 0x00000000fc300000, 0x00000000fc300000| Untracked 
|   4|0x00000000fc400000, 0x00000000fc400000, 0x00000000fc500000|  0%| F|  |TAMS 0x00000000fc400000, 0x00000000fc400000| Untracked 
|   5|0x00000000fc500000, 0x00000000fc500000, 0x00000000fc600000|  0%| F|  |TAMS 0x00000000fc500000, 0x00000000fc500000| Untracked 
|   6|0x00000000fc600000, 0x00000000fc600000, 0x00000000fc700000|  0%| F|  |TAMS 0x00000000fc600000, 0x00000000fc600000| Untracked 
|   7|0x00000000fc700000, 0x00000000fc700000, 0x00000000fc800000|  0%| F|  |TAMS 0x00000000fc700000, 0x00000000fc700000| Untracked 
|   8|0x00000000fc800000, 0x00000000fc800000, 0x00000000fc900000|  0%| F|  |TAMS 0x00000000fc800000, 0x00000000fc800000| Untracked 
|   9|0x00000000fc900000, 0x00000000fc900000, 0x00000000fca00000|  0%| F|  |TAMS 0x00000000fc900000, 0x00000000fc900000| Untracked 
|  10|0x00000000fca00000, 0x00000000fca00000, 0x00000000fcb00000|  0%| F|  |TAMS 0x00000000fca00000, 0x00000000fca00000| Untracked 
|  11|0x00000000fcb00000, 0x00000000fcb00000, 0x00000000fcc00000|  0%| F|  |TAMS 0x00000000fcb00000, 0x00000000fcb00000| Untracked 
|  12|0x00000000fcc00000, 0x00000000fcc00000, 0x00000000fcd00000|  0%| F|  |TAMS 0x00000000fcc00000, 0x00000000fcc00000| Untracked 
|  13|0x00000000fcd00000, 0x00000000fcd00000, 0x00000000fce00000|  0%| F|  |TAMS 0x00000000fcd00000, 0x00000000fcd00000| Untracked 
|  14|0x00000000fce00000, 0x00000000fce00000, 0x00000000fcf00000|  0%| F|  |TAMS 0x00000000fce00000, 0x00000000fce00000| Untracked 
|  15|0x00000000fcf00000, 0x00000000fcf00000, 0x00000000fd000000|  0%| F|  |TAMS 0x00000000fcf00000, 0x00000000fcf00000| Untracked 
|  16|0x00000000fd000000, 0x00000000fd000000, 0x00000000fd100000|  0%| F|  |TAMS 0x00000000fd000000, 0x00000000fd000000| Untracked 
|  17|0x00000000fd100000, 0x00000000fd100000, 0x00000000fd200000|  0%| F|  |TAMS 0x00000000fd100000, 0x00000000fd100000| Untracked 
|  18|0x00000000fd200000, 0x00000000fd200000, 0x00000000fd300000|  0%| F|  |TAMS 0x00000000fd200000, 0x00000000fd200000| Untracked 
|  19|0x00000000fd300000, 0x00000000fd300000, 0x00000000fd400000|  0%| F|  |TAMS 0x00000000fd300000, 0x00000000fd300000| Untracked 
|  20|0x00000000fd400000, 0x00000000fd400000, 0x00000000fd500000|  0%| F|  |TAMS 0x00000000fd400000, 0x00000000fd400000| Untracked 
|  21|0x00000000fd500000, 0x00000000fd500000, 0x00000000fd600000|  0%| F|  |TAMS 0x00000000fd500000, 0x00000000fd500000| Untracked 
|  22|0x00000000fd600000, 0x00000000fd600000, 0x00000000fd700000|  0%| F|  |TAMS 0x00000000fd600000, 0x00000000fd600000| Untracked 
|  23|0x00000000fd700000, 0x00000000fd700000, 0x00000000fd800000|  0%| F|  |TAMS 0x00000000fd700000, 0x00000000fd700000| Untracked 
|  24|0x00000000fd800000, 0x00000000fd800000, 0x00000000fd900000|  0%| F|  |TAMS 0x00000000fd800000, 0x00000000fd800000| Untracked 
|  25|0x00000000fd900000, 0x00000000fd900000, 0x00000000fda00000|  0%| F|  |TAMS 0x00000000fd900000, 0x00000000fd900000| Untracked 
|  26|0x00000000fda00000, 0x00000000fda00000, 0x00000000fdb00000|  0%| F|  |TAMS 0x00000000fda00000, 0x00000000fda00000| Untracked 
|  27|0x00000000fdb00000, 0x00000000fdb00000, 0x00000000fdc00000|  0%| F|  |TAMS 0x00000000fdb00000, 0x00000000fdb00000| Untracked 
|  28|0x00000000fdc00000, 0x00000000fdc00000, 0x00000000fdd00000|  0%| F|  |TAMS 0x00000000fdc00000, 0x00000000fdc00000| Untracked 
|  29|0x00000000fdd00000, 0x00000000fdd00000, 0x00000000fde00000|  0%| F|  |TAMS 0x00000000fdd00000, 0x00000000fdd00000| Untracked 
|  30|0x00000000fde00000, 0x00000000fde00000, 0x00000000fdf00000|  0%| F|  |TAMS 0x00000000fde00000, 0x00000000fde00000| Untracked 
|  31|0x00000000fdf00000, 0x00000000fdf00000, 0x00000000fe000000|  0%| F|  |TAMS 0x00000000fdf00000, 0x00000000fdf00000| Untracked 
|  32|0x00000000fe000000, 0x00000000fe000000, 0x00000000fe100000|  0%| F|  |TAMS 0x00000000fe000000, 0x00000000fe000000| Untracked 
|  33|0x00000000fe100000, 0x00000000fe100000, 0x00000000fe200000|  0%| F|  |TAMS 0x00000000fe100000, 0x00000000fe100000| Untracked 
|  34|0x00000000fe200000, 0x00000000fe200000, 0x00000000fe300000|  0%| F|  |TAMS 0x00000000fe200000, 0x00000000fe200000| Untracked 
|  35|0x00000000fe300000, 0x00000000fe300000, 0x00000000fe400000|  0%| F|  |TAMS 0x00000000fe300000, 0x00000000fe300000| Untracked 
|  36|0x00000000fe400000, 0x00000000fe400000, 0x00000000fe500000|  0%| F|  |TAMS 0x00000000fe400000, 0x00000000fe400000| Untracked 
|  37|0x00000000fe500000, 0x00000000fe500000, 0x00000000fe600000|  0%| F|  |TAMS 0x00000000fe500000, 0x00000000fe500000| Untracked 
|  38|0x00000000fe600000, 0x00000000fe600000, 0x00000000fe700000|  0%| F|  |TAMS 0x00000000fe600000, 0x00000000fe600000| Untracked 
|  39|0x00000000fe700000, 0x00000000fe700000, 0x00000000fe800000|  0%| F|  |TAMS 0x00000000fe700000, 0x00000000fe700000| Untracked 
|  40|0x00000000fe800000, 0x00000000fe800000, 0x00000000fe900000|  0%| F|  |TAMS 0x00000000fe800000, 0x00000000fe800000| Untracked 
|  41|0x00000000fe900000, 0x00000000fe900000, 0x00000000fea00000|  0%| F|  |TAMS 0x00000000fe900000, 0x00000000fe900000| Untracked 
|  42|0x00000000fea00000, 0x00000000fea00000, 0x00000000feb00000|  0%| F|  |TAMS 0x00000000fea00000, 0x00000000fea00000| Untracked 
|  43|0x00000000feb00000, 0x00000000feb00000, 0x00000000fec00000|  0%| F|  |TAMS 0x00000000feb00000, 0x00000000feb00000| Untracked 
|  44|0x00000000fec00000, 0x00000000fec00000, 0x00000000fed00000|  0%| F|  |TAMS 0x00000000fec00000, 0x00000000fec00000| Untracked 
|  45|0x00000000fed00000, 0x00000000fed00000, 0x00000000fee00000|  0%| F|  |TAMS 0x00000000fed00000, 0x00000000fed00000| Untracked 
|  46|0x00000000fee00000, 0x00000000fee00000, 0x00000000fef00000|  0%| F|  |TAMS 0x00000000fee00000, 0x00000000fee00000| Untracked 
|  47|0x00000000fef00000, 0x00000000fef00000, 0x00000000ff000000|  0%| F|  |TAMS 0x00000000fef00000, 0x00000000fef00000| Untracked 
|  48|0x00000000ff000000, 0x00000000ff000000, 0x00000000ff100000|  0%| F|  |TAMS 0x00000000ff000000, 0x00000000ff000000| Untracked 
|  49|0x00000000ff100000, 0x00000000ff100000, 0x00000000ff200000|  0%| F|  |TAMS 0x00000000ff100000, 0x00000000ff100000| Untracked 
|  50|0x00000000ff200000, 0x00000000ff200000, 0x00000000ff300000|  0%| F|  |TAMS 0x00000000ff200000, 0x00000000ff200000| Untracked 
|  51|0x00000000ff300000, 0x00000000ff300000, 0x00000000ff400000|  0%| F|  |TAMS 0x00000000ff300000, 0x00000000ff300000| Untracked 
|  52|0x00000000ff400000, 0x00000000ff400000, 0x00000000ff500000|  0%| F|  |TAMS 0x00000000ff400000, 0x00000000ff400000| Untracked 
|  53|0x00000000ff500000, 0x00000000ff500000, 0x00000000ff600000|  0%| F|  |TAMS 0x00000000ff500000, 0x00000000ff500000| Untracked 
|  54|0x00000000ff600000, 0x00000000ff600000, 0x00000000ff700000|  0%| F|  |TAMS 0x00000000ff600000, 0x00000000ff600000| Untracked 
|  55|0x00000000ff700000, 0x00000000ff700000, 0x00000000ff800000|  0%| F|  |TAMS 0x00000000ff700000, 0x00000000ff700000| Untracked 
|  56|0x00000000ff800000, 0x00000000ff800000, 0x00000000ff900000|  0%| F|  |TAMS 0x00000000ff800000, 0x00000000ff800000| Untracked 
|  57|0x00000000ff900000, 0x00000000ff900000, 0x00000000ffa00000|  0%| F|  |TAMS 0x00000000ff900000, 0x00000000ff900000| Untracked 
|  58|0x00000000ffa00000, 0x00000000ffaec1f8, 0x00000000ffb00000| 92%| E|  |TAMS 0x00000000ffa00000, 0x00000000ffa00000| Complete 
|  59|0x00000000ffb00000, 0x00000000ffc00000, 0x00000000ffc00000|100%| E|CS|TAMS 0x00000000ffb00000, 0x00000000ffb00000| Complete 
|  60|0x00000000ffc00000, 0x00000000ffd00000, 0x00000000ffd00000|100%| E|CS|TAMS 0x00000000ffc00000, 0x00000000ffc00000| Complete 
|  61|0x00000000ffd00000, 0x00000000ffe00000, 0x00000000ffe00000|100%| E|  |TAMS 0x00000000ffd00000, 0x00000000ffd00000| Complete 
|  62|0x00000000ffe00000, 0x00000000fff00000, 0x00000000fff00000|100%| E|CS|TAMS 0x00000000ffe00000, 0x00000000ffe00000| Complete 
|  63|0x00000000fff00000, 0x0000000100000000, 0x0000000100000000|100%| E|CS|TAMS 0x00000000fff00000, 0x00000000fff00000| Complete 

Card table byte_map: [0x000001e0b6e00000,0x000001e0b6e20000] _byte_map_base: 0x000001e0b6620000

Marking Bits (Prev, Next): (CMBitMap*) 0x000001e0b8e1b720, (CMBitMap*) 0x000001e0b8e1b760
 Prev Bits: [0x000001e0cfb90000, 0x000001e0cfc90000)
 Next Bits: [0x000001e0cfc90000, 0x000001e0cfd90000)

Polling page: 0x000001e0b6db0000

Metaspace:

Usage:
  Non-class:      1.30 MB used.
      Class:    158.44 KB used.
       Both:      1.46 MB used.

Virtual space:
  Non-class space:        8.00 MB reserved,       1.38 MB ( 17%) committed,  1 nodes.
      Class space:        1.00 GB reserved,     192.00 KB ( <1%) committed,  1 nodes.
             Both:        1.01 GB reserved,       1.56 MB ( <1%) committed. 

Chunk freelists:
   Non-Class:  3.69 MB
       Class:  3.69 MB
        Both:  7.38 MB

MaxMetaspaceSize: unlimited
CompressedClassSpaceSize: 1.00 GB
Initial GC threshold: 21.00 MB
Current GC threshold: 21.00 MB
CDS: on
MetaspaceReclaimPolicy: balanced
 - commit_granule_bytes: 65536.
 - commit_granule_words: 8192.
 - virtual_space_node_default_size: 1048576.
 - enlarge_chunks_in_place: 1.
 - new_chunks_are_fully_committed: 0.
 - uncommit_free_chunks: 1.
 - use_allocation_guard: 0.
 - handle_deallocations: 1.


Internal statistics:

num_allocs_failed_limit: 0.
num_arena_births: 12.
num_arena_deaths: 0.
num_vsnodes_births: 2.
num_vsnodes_deaths: 0.
num_space_committed: 25.
num_space_uncommitted: 0.
num_chunks_returned_to_freelist: 0.
num_chunks_taken_from_freelist: 41.
num_chunk_merges: 0.
num_chunk_splits: 19.
num_chunks_enlarged: 15.
num_purges: 0.
num_inconsistent_stats: 0.

CodeHeap 'non-profiled nmethods': size=120000Kb used=65Kb max_used=65Kb free=119934Kb
 bounds [0x000001e0c8110000, 0x000001e0c8380000, 0x000001e0cf640000]
CodeHeap 'profiled nmethods': size=120000Kb used=185Kb max_used=185Kb free=119814Kb
 bounds [0x000001e0c0be0000, 0x000001e0c0e50000, 0x000001e0c8110000]
CodeHeap 'non-nmethods': size=5760Kb used=1118Kb max_used=1132Kb free=4641Kb
 bounds [0x000001e0c0640000, 0x000001e0c08b0000, 0x000001e0c0be0000]
 total_blobs=579 nmethods=180 adapters=312
 compilation: enabled
              stopped_count=0, restarted_count=0
 full_count=0

Compilation events (20 events):
Event: 0.058 Thread 0x000001e0d2987fe0  145       4       java.lang.String::isLatin1 (19 bytes)
Event: 0.059 Thread 0x000001e0d2987fe0 nmethod 145 0x000001e0c8119510 code [0x000001e0c8119680, 0x000001e0c8119718]
Event: 0.059 Thread 0x000001e0d29912b0  146       3       java.lang.Enum::<init> (15 bytes)
Event: 0.060 Thread 0x000001e0d29912b0 nmethod 146 0x000001e0c0c0c090 code [0x000001e0c0c0c220, 0x000001e0c0c0c3d8]
Event: 0.060 Thread 0x000001e0d29912b0  147       1       java.lang.Enum::name (5 bytes)
Event: 0.060 Thread 0x000001e0d29912b0 nmethod 147 0x000001e0c8119810 code [0x000001e0c81199a0, 0x000001e0c8119a78]
Event: 0.061 Thread 0x000001e0d29912b0  148       3       java.lang.CharacterDataLatin1::toUpperCaseEx (71 bytes)
Event: 0.061 Thread 0x000001e0d29912b0 nmethod 148 0x000001e0c0c0c490 code [0x000001e0c0c0c640, 0x000001e0c0c0c8f8]
Event: 0.061 Thread 0x000001e0d29912b0  149       3       java.util.concurrent.ConcurrentHashMap::put (8 bytes)
Event: 0.061 Thread 0x000001e0d29912b0 nmethod 149 0x000001e0c0c0ca10 code [0x000001e0c0c0cba0, 0x000001e0c0c0cce8]
Event: 0.061 Thread 0x000001e0d29912b0  150       1       sun.util.locale.BaseLocale::getLanguage (5 bytes)
Event: 0.061 Thread 0x000001e0d29912b0 nmethod 150 0x000001e0c8119b10 code [0x000001e0c8119ca0, 0x000001e0c8119d78]
Event: 0.061 Thread 0x000001e0d2987fe0  151       4       java.lang.String::hashCode (60 bytes)
Event: 0.061 Thread 0x000001e0d29912b0  152       1       sun.security.util.KnownOIDs::registerNames (2 bytes)
Event: 0.061 Thread 0x000001e0d29912b0 nmethod 152 0x000001e0c8119e10 code [0x000001e0c8119fa0, 0x000001e0c811a078]
Event: 0.062 Thread 0x000001e0d29912b0  153       3       java.lang.StringLatin1::toUpperCase (186 bytes)
Event: 0.062 Thread 0x000001e0d29912b0 nmethod 153 0x000001e0c0c0cd90 code [0x000001e0c0c0d000, 0x000001e0c0c0db58]
Event: 0.062 Thread 0x000001e0d29912b0  156       3       java.lang.String::toUpperCase (29 bytes)
Event: 0.062 Thread 0x000001e0d29912b0 nmethod 156 0x000001e0c0c0df90 code [0x000001e0c0c0e160, 0x000001e0c0c0e418]
Event: 0.062 Thread 0x000001e0d29912b0  158       3       sun.security.util.KnownOIDs::register (349 bytes)

GC Heap History (0 events):
No events

Deoptimization events (0 events):
No events

Classes unloaded (0 events):
No events

Classes redefined (0 events):
No events

Internal exceptions (0 events):
No events

VM Operations (2 events):
Event: 0.034 Executing VM operation: HandshakeAllThreads
Event: 0.034 Executing VM operation: HandshakeAllThreads done

Events (20 events):
Event: 0.060 loading class sun/security/util/KnownOIDs$3
Event: 0.060 loading class sun/security/util/KnownOIDs$3 done
Event: 0.060 loading class sun/security/util/KnownOIDs$4
Event: 0.060 loading class sun/security/util/KnownOIDs$4 done
Event: 0.060 loading class sun/security/util/KnownOIDs$5
Event: 0.060 loading class sun/security/util/KnownOIDs$5 done
Event: 0.060 loading class sun/security/util/KnownOIDs$6
Event: 0.060 loading class sun/security/util/KnownOIDs$6 done
Event: 0.060 loading class sun/security/util/KnownOIDs$7
Event: 0.060 loading class sun/security/util/KnownOIDs$7 done
Event: 0.060 loading class sun/security/util/KnownOIDs$8
Event: 0.060 loading class sun/security/util/KnownOIDs$8 done
Event: 0.060 loading class sun/security/util/KnownOIDs$9
Event: 0.060 loading class sun/security/util/KnownOIDs$9 done
Event: 0.060 loading class sun/security/util/KnownOIDs$10
Event: 0.060 loading class sun/security/util/KnownOIDs$10 done
Event: 0.063 loading class java/util/LinkedHashMap$LinkedKeySet
Event: 0.063 loading class java/util/LinkedHashMap$LinkedKeySet done
Event: 0.063 loading class java/util/LinkedHashMap$LinkedKeyIterator
Event: 0.063 loading class java/util/LinkedHashMap$LinkedKeyIterator done


Dynamic libraries:
0x00007ff7d29f0000 - 0x00007ff7d29fe000 	C:\Users\garmayev\AppData\Local\jdk-17.0.2\bin\java.exe
0x00007ffac18d0000 - 0x00007ffac1ac8000 	C:\Windows\SYSTEM32\ntdll.dll
0x00007ffabf900000 - 0x00007ffabf9bd000 	C:\Windows\System32\KERNEL32.DLL
0x00007ffabf110000 - 0x00007ffabf406000 	C:\Windows\System32\KERNELBASE.dll
0x00007ffabf410000 - 0x00007ffabf510000 	C:\Windows\System32\ucrtbase.dll
0x00007ffabae90000 - 0x00007ffabaeaa000 	C:\Users\garmayev\AppData\Local\jdk-17.0.2\bin\VCRUNTIME140.dll
0x00007ffabb420000 - 0x00007ffabb438000 	C:\Users\garmayev\AppData\Local\jdk-17.0.2\bin\jli.dll
0x00007ffac0490000 - 0x00007ffac062f000 	C:\Windows\System32\USER32.dll
0x00007ffabf510000 - 0x00007ffabf532000 	C:\Windows\System32\win32u.dll
0x00007ffa97c30000 - 0x00007ffa97eca000 	C:\Windows\WinSxS\amd64_microsoft.windows.common-controls_6595b64144ccf1df_6.0.19041.4355_none_60b8b9eb71f62e16\COMCTL32.dll
0x00007ffac0290000 - 0x00007ffac02bb000 	C:\Windows\System32\GDI32.dll
0x00007ffac06b0000 - 0x00007ffac074e000 	C:\Windows\System32\msvcrt.dll
0x00007ffabef80000 - 0x00007ffabf097000 	C:\Windows\System32\gdi32full.dll
0x00007ffabf860000 - 0x00007ffabf8fd000 	C:\Windows\System32\msvcp_win.dll
0x00007ffac0b30000 - 0x00007ffac0b62000 	C:\Windows\System32\IMM32.DLL
0x00007ffabb4d0000 - 0x00007ffabb4dc000 	C:\Users\garmayev\AppData\Local\jdk-17.0.2\bin\vcruntime140_1.dll
0x00007ffa80550000 - 0x00007ffa805dd000 	C:\Users\garmayev\AppData\Local\jdk-17.0.2\bin\msvcp140.dll
0x00007ffa45fd0000 - 0x00007ffa46b91000 	C:\Users\garmayev\AppData\Local\jdk-17.0.2\bin\server\jvm.dll
0x00007ffac0860000 - 0x00007ffac0910000 	C:\Windows\System32\ADVAPI32.dll
0x00007ffac02c0000 - 0x00007ffac0360000 	C:\Windows\System32\sechost.dll
0x00007ffac0360000 - 0x00007ffac0483000 	C:\Windows\System32\RPCRT4.dll
0x00007ffabf780000 - 0x00007ffabf7a7000 	C:\Windows\System32\bcrypt.dll
0x00007ffabfcc0000 - 0x00007ffabfcc8000 	C:\Windows\System32\PSAPI.DLL
0x00007ffab1530000 - 0x00007ffab1539000 	C:\Windows\SYSTEM32\WSOCK32.dll
0x00007ffab6470000 - 0x00007ffab647a000 	C:\Windows\SYSTEM32\VERSION.dll
0x00007ffab51f0000 - 0x00007ffab5217000 	C:\Windows\SYSTEM32\WINMM.dll
0x00007ffac0ac0000 - 0x00007ffac0b2b000 	C:\Windows\System32\WS2_32.dll
0x00007ffabd7e0000 - 0x00007ffabd7f2000 	C:\Windows\SYSTEM32\kernel.appcore.dll
0x00007ffabb410000 - 0x00007ffabb41a000 	C:\Users\garmayev\AppData\Local\jdk-17.0.2\bin\jimage.dll
0x00007ffab8ff0000 - 0x00007ffab91d4000 	C:\Windows\SYSTEM32\DBGHELP.DLL
0x00007ffab9230000 - 0x00007ffab9264000 	C:\Windows\SYSTEM32\dbgcore.DLL
0x00007ffabf540000 - 0x00007ffabf5c2000 	C:\Windows\System32\bcryptPrimitives.dll
0x00007ffabae60000 - 0x00007ffabae85000 	C:\Users\garmayev\AppData\Local\jdk-17.0.2\bin\java.dll
0x00007ffa5de90000 - 0x00007ffa5df66000 	C:\Users\garmayev\AppData\Local\jdk-17.0.2\bin\jsvml.dll
0x00007ffac0cb0000 - 0x00007ffac141b000 	C:\Windows\System32\SHELL32.dll
0x00007ffabcfd0000 - 0x00007ffabd76d000 	C:\Windows\SYSTEM32\windows.storage.dll
0x00007ffabfcd0000 - 0x00007ffac0023000 	C:\Windows\System32\combase.dll
0x00007ffabe9a0000 - 0x00007ffabe9ce000 	C:\Windows\SYSTEM32\Wldp.dll
0x00007ffac0be0000 - 0x00007ffac0cad000 	C:\Windows\System32\OLEAUT32.dll
0x00007ffac01e0000 - 0x00007ffac028d000 	C:\Windows\System32\SHCORE.dll
0x00007ffac0b70000 - 0x00007ffac0bc5000 	C:\Windows\System32\shlwapi.dll
0x00007ffabeeb0000 - 0x00007ffabeed4000 	C:\Windows\SYSTEM32\profapi.dll
0x00007ffab8610000 - 0x00007ffab8629000 	C:\Users\garmayev\AppData\Local\jdk-17.0.2\bin\net.dll
0x00007ffab89c0000 - 0x00007ffab8aca000 	C:\Windows\SYSTEM32\WINHTTP.dll
0x00007ffabe700000 - 0x00007ffabe76a000 	C:\Windows\system32\mswsock.dll
0x00007ffab8110000 - 0x00007ffab8126000 	C:\Users\garmayev\AppData\Local\jdk-17.0.2\bin\nio.dll
0x00007ffab80f0000 - 0x00007ffab8108000 	C:\Users\garmayev\AppData\Local\jdk-17.0.2\bin\zip.dll

dbghelp: loaded successfully - version: 4.0.5 - missing functions: none
symbol engine: initialized successfully - sym options: 0x614 - pdb path: .;C:\Users\garmayev\AppData\Local\jdk-17.0.2\bin;C:\Windows\SYSTEM32;C:\Windows\WinSxS\amd64_microsoft.windows.common-controls_6595b64144ccf1df_6.0.19041.4355_none_60b8b9eb71f62e16;C:\Users\garmayev\AppData\Local\jdk-17.0.2\bin\server

VM Arguments:
jvm_args: -Xmx64m -Xms64m -Dorg.gradle.appname=gradlew 
java_command: org.gradle.wrapper.GradleWrapperMain app:installDebug -PreactNativeDevServerPort=8081
java_class_path (initial): D:\garmayev\Development\React\Converter\android\\gradle\wrapper\gradle-wrapper.jar
Launcher Type: SUN_STANDARD

[Global flags]
     intx CICompilerCount                          = 4                                         {product} {ergonomic}
     uint ConcGCThreads                            = 3                                         {product} {ergonomic}
     uint G1ConcRefinementThreads                  = 10                                        {product} {ergonomic}
   size_t G1HeapRegionSize                         = 1048576                                   {product} {ergonomic}
    uintx GCDrainStackTargetSize                   = 64                                        {product} {ergonomic}
   size_t InitialHeapSize                          = 67108864                                  {product} {command line}
   size_t MarkStackSize                            = 4194304                                   {product} {ergonomic}
   size_t MaxHeapSize                              = 67108864                                  {product} {command line}
   size_t MaxNewSize                               = 39845888                                  {product} {ergonomic}
   size_t MinHeapDeltaBytes                        = 1048576                                   {product} {ergonomic}
   size_t MinHeapSize                              = 67108864                                  {product} {command line}
    uintx NonNMethodCodeHeapSize                   = 5839372                                {pd product} {ergonomic}
    uintx NonProfiledCodeHeapSize                  = 122909434                              {pd product} {ergonomic}
    uintx ProfiledCodeHeapSize                     = 122909434                              {pd product} {ergonomic}
    uintx ReservedCodeCacheSize                    = 251658240                              {pd product} {ergonomic}
     bool SegmentedCodeCache                       = true                                      {product} {ergonomic}
   size_t SoftMaxHeapSize                          = 67108864                               {manageable} {ergonomic}
     bool UseCompressedClassPointers               = true                           {product lp64_product} {ergonomic}
     bool UseCompressedOops                        = true                           {product lp64_product} {ergonomic}
     bool UseG1GC                                  = true                                      {product} {ergonomic}
     bool UseLargePagesIndividualAllocation        = false                                  {pd product} {ergonomic}

Logging:
Log output configuration:
 #0: stdout all=warning uptime,level,tags
 #1: stderr all=off uptime,level,tags

Environment Variables:
JAVA_HOME=C:\Users\garmayev\AppData\Local\jdk-17.0.2
CLASSPATH=D:\garmayev\Development\React\Converter\android\\gradle\wrapper\gradle-wrapper.jar
PATH=D:\garmayev\Development\React\Converter\node_modules\.bin;D:\garmayev\Development\React\Converter\node_modules\.bin;D:\garmayev\Development\React\node_modules\.bin;D:\garmayev\Development\node_modules\.bin;D:\garmayev\node_modules\.bin;D:\node_modules\.bin;C:\Program Files\nodejs\node_modules\npm\node_modules\@npmcli\run-script\lib\node-gyp-bin;D:\garmayev\Development\React\Converter\node_modules\.bin;D:\garmayev\Development\React\Converter\node_modules\.bin;D:\garmayev\Development\React\node_modules\.bin;D:\garmayev\Development\node_modules\.bin;D:\garmayev\node_modules\.bin;D:\node_modules\.bin;C:\Program Files\nodejs\node_modules\npm\node_modules\@npmcli\run-script\lib\node-gyp-bin;C:\Program Files\Git\mingw64\bin;C:\Program Files\Git\usr\bin;C:\Users\garmayev\bin;C:\Program Files\Microsoft\jdk-17.0.10.7-hotspot\bin;C:\Program Files (x86)\VMware\VMware Workstation\bin;C:\Python312\Scripts;C:\Python312;C:\Windows\system32;C:\Windows;C:\Windows\System32\Wbem;C:\Windows\System32\WindowsPowerShell\v1.0;C:\Windows\System32\OpenSSH;C:\Program Files\dotnet;C:\Program Files\Calibre2;C:\Program Files\nodejs;C:\ProgramData\chocolatey\bin;C:\Program Files\OpenJDK\jdk-21.0.2\bin;C:\Program Files\Git\cmd;C:\Program Files\Git\mingw64\bin;C:\Program Files\Git\usr\bin;C:\Wamp.NET\.wdn\.php;C:\Wamp.NET\.wdn\.mysql;C:\Wamp.NET\.wdn\.pgsql;C:\Wamp.NET\servers\3-php-8.3.1;C:\ProgramData\ComposerSetup\bin;C:\Users\garmayev\AppData\Local\Android\Sdk\platform-tools;D:\garmayev\Development\Android\Sdk\tools;C:\Users\garmayev\AppData\Local\jdk-11.0.2\bin;C:\Users\garmayev\AppData\Local\Android\Sdk\platform-tools;D:\garmayev\Development\Android\Sdk\tools;C:\Users\garmayev\AppData\Local\jdk-11.0.2\bin;C:\Users\garmayev\AppData\Local\Microsoft\WindowsApps;C:\Users\garmayev\AppData\Roaming\npm;C:\Users\garmayev\AppData\Local\Android\Sdk;C:\Users\garmayev\AppData\Local\Android\Sdk\build-tools;C:\Users\garmayev\AppData\Local\Android\Sdk\emulator;C:\Users\garmayev\AppData\Local\Android\Sdk\pl
USERNAME=garmayev
OS=Windows_NT
PROCESSOR_IDENTIFIER=Intel64 Family 6 Model 151 Stepping 2, GenuineIntel



---------------  S Y S T E M  ---------------

OS:
 Windows 10 , 64 bit Build 19041 (10.0.19041.3636)
OS uptime: 2 days 3:23 hours

CPU: total 12 (initial active 12) (6 cores per cpu, 2 threads per core) family 6 model 151 stepping 2 microcode 0x1e, cx8, cmov, fxsr, ht, mmx, 3dnowpref, sse, sse2, sse3, ssse3, sse4.1, sse4.2, popcnt, lzcnt, tsc, tscinvbit, avx, avx2, aes, erms, clmul, bmi1, bmi2, adx, sha, fma, vzeroupper, clflush, clflushopt, clwb

Memory: 4k page, system-wide physical 16157M (475M free)
TotalPageFile size 44774M (AvailPageFile size 4M)
current process WorkingSet (physical memory assigned to process): 39M, peak: 39M
current process commit charge ("private bytes"): 149M, peak: 149M

vm_info: OpenJDK 64-Bit Server VM (17.0.2+8-86) for windows-amd64 JRE (17.0.2+8-86), built on Dec  7 2021 21:49:10 by "mach5one" with MS VC++ 16.8 / 16.9 (VS2019)

END.
