#
# There is insufficient memory for the Java Runtime Environment to continue.
# Native memory allocation (mmap) failed to map 536870912 bytes for G1 virtual space
# Possible reasons:
#   The system is out of physical RAM or swap space
#   The process is running with CompressedOops enabled, and the Java Heap may be blocking the growth of the native heap
# Possible solutions:
#   Reduce memory load on the system
#   Increase physical memory or swap space
#   Check if swap backing store is full
#   Decrease Java heap size (-Xmx/-Xms)
#   Decrease number of Java threads
#   Decrease Java thread stack sizes (-Xss)
#   Set larger code cache with -XX:ReservedCodeCacheSize=
#   JVM is running with Zero Based Compressed Oops mode in which the Java heap is
#     placed in the first 32GB address space. The Java Heap base address is the
#     maximum limit for the native heap growth. Please use -XX:HeapBaseMinAddress
#     to set the Java Heap base and to place the Java Heap above 32GB virtual address.
# This output file may be truncated or incomplete.
#
#  Out of Memory Error (os_windows.cpp:3528), pid=14836, tid=12420
#
# JRE version:  (20.0.2+9) (build )
# Java VM: Java HotSpot(TM) 64-Bit Server VM (20.0.2+9-78, mixed mode, sharing, tiered, compressed oops, compressed class ptrs, g1 gc, windows-amd64)
# No core dump will be written. Minidumps are not enabled by default on client versions of Windows
#

---------------  S U M M A R Y ------------

Command Line: 

Host: 12th Gen Intel(R) Core(TM) i5-12400, 12 cores, 31G,  Windows 11 , 64 bit Build 26100 (10.0.26100.1)
Time: Wed Mar 19 20:37:00 2025 RTZ 7 (s 11 , 64 bit Build 26100 (10.0.26100.1) elapsed time: 1.030046 seconds (0d 0h 0m 1s)

---------------  T H R E A D  ---------------

Current thread (0x0000021360fd02f0):  JavaThread "Unknown thread" [_thread_in_vm, id=12420, stack(0x000000befa600000,0x000000befa700000)]

Stack: [0x000000befa600000,0x000000befa700000]
Native frames: (J=compiled Java code, j=interpreted, Vv=VM code, C=native code)
V  [jvm.dll+0x6bc25a]
V  [jvm.dll+0x84971a]
V  [jvm.dll+0x84b315]
V  [jvm.dll+0x84ba13]
V  [jvm.dll+0x280e4f]
V  [jvm.dll+0x6b8fe9]
V  [jvm.dll+0x6adbca]
V  [jvm.dll+0x35b165]
V  [jvm.dll+0x363386]
V  [jvm.dll+0x3b400e]
V  [jvm.dll+0x3b4295]
V  [jvm.dll+0x32b86a]
V  [jvm.dll+0x32c68b]
V  [jvm.dll+0x8123df]
V  [jvm.dll+0x3c1261]
V  [jvm.dll+0x7fe103]
V  [jvm.dll+0x44ccaf]
V  [jvm.dll+0x44e621]
C  [jli.dll+0x5287]
C  [ucrtbase.dll+0x43340]
C  [KERNEL32.DLL+0x31fd7]
C  [ntdll.dll+0x6d7d0]


---------------  P R O C E S S  ---------------

Threads class SMR info:
_java_thread_list=0x00007ffe4272b118, length=0, elements={
}

Java Threads: ( => current thread )

Other Threads:
  0x00000213610804c0 WorkerThread "GC Thread#0" [stack: 0x000000befa700000,0x000000befa800000] [id=1304]
  0x000002137b5e7fc0 ConcurrentGCThread "G1 Main Marker" [stack: 0x000000befa800000,0x000000befa900000] [id=9596]
  0x000002137b5e89f0 WorkerThread "G1 Conc#0" [stack: 0x000000befa900000,0x000000befaa00000] [id=6724]

[error occurred during error reporting (printing all threads), id 0xc0000005, EXCEPTION_ACCESS_VIOLATION (0xc0000005) at pc=0x00007ffe41f0eea7]
VM state: not at safepoint (not fully initialized)

VM Mutex/Monitor currently owned by a thread:  ([mutex/lock_event])
[0x0000021360fcd6c0] Heap_lock - owner thread: 0x0000021360fd02f0

Heap address: 0x0000000603800000, size: 8136 MB, Compressed Oops mode: Zero based, Oop shift amount: 3

CDS archive(s) mapped at: [0x0000000000000000-0x0000000000000000-0x0000000000000000), size 0, SharedBaseAddress: 0x0000000800000000, ArchiveRelocationMode: 1.
Narrow klass base: 0x0000000000000000, Narrow klass shift: 0, Narrow klass range: 0x0

GC Precious Log:
 CardTable entry size: 512
 Card Set container configuration: InlinePtr #cards 4 size 8 Array Of Cards #cards 32 size 80 Howl #buckets 8 coarsen threshold 7372 Howl Bitmap #cards 1024 size 144 coarsen threshold 921 Card regions per heap region 1 cards per card region 8192

Heap:
 garbage-first heap   total 0K, used 0K [0x0000000603800000, 0x0000000800000000)
  region size 4096K, 0 young (0K), 0 survivors (0K)

[error occurred during error reporting (printing heap information), id 0xc0000005, EXCEPTION_ACCESS_VIOLATION (0xc0000005) at pc=0x00007ffe422e47b9]
GC Heap History (0 events):
No events

Dll operation events (1 events):
Event: 0.004 Loaded shared library C:\Program Files\Java\jdk-20\bin\java.dll

Deoptimization events (0 events):
No events

Classes loaded (0 events):
No events

Classes unloaded (0 events):
No events

Classes redefined (0 events):
No events

Internal exceptions (0 events):
No events

VM Operations (0 events):
No events

Events (0 events):
No events


Dynamic libraries:
0x00007ff631120000 - 0x00007ff631130000 	C:\Program Files\Java\jdk-20\bin\java.exe
0x00007ffead7b0000 - 0x00007ffeada05000 	C:\Windows\SYSTEM32\ntdll.dll
0x00007ffeac320000 - 0x00007ffeac3e7000 	C:\Windows\System32\KERNEL32.DLL
0x00007ffeaada0000 - 0x00007ffeab140000 	C:\Windows\System32\KERNELBASE.dll
0x00007ffeab2d0000 - 0x00007ffeab41a000 	C:\Windows\System32\ucrtbase.dll
0x00007ffea12a0000 - 0x00007ffea12bb000 	C:\Program Files\Java\jdk-20\bin\VCRUNTIME140.dll
0x00007ffea1240000 - 0x00007ffea1259000 	C:\Program Files\Java\jdk-20\bin\jli.dll
0x00007ffeac440000 - 0x00007ffeac4f2000 	C:\Windows\System32\ADVAPI32.dll
0x00007ffeacc90000 - 0x00007ffeacd39000 	C:\Windows\System32\msvcrt.dll
0x00007ffeac500000 - 0x00007ffeac5a6000 	C:\Windows\System32\sechost.dll
0x00007ffeab670000 - 0x00007ffeab789000 	C:\Windows\System32\RPCRT4.dll
0x00007ffeab920000 - 0x00007ffeabadf000 	C:\Windows\System32\USER32.dll
0x00007ffeaacc0000 - 0x00007ffeaace7000 	C:\Windows\System32\win32u.dll
0x00007ffe9b440000 - 0x00007ffe9b6d0000 	C:\Windows\WinSxS\amd64_microsoft.windows.common-controls_6595b64144ccf1df_6.0.26100.1_none_fc2d3fda0fd46076\COMCTL32.dll
0x00007ffeac9c0000 - 0x00007ffeac9ea000 	C:\Windows\System32\GDI32.dll
0x00007ffeab4a0000 - 0x00007ffeab5c1000 	C:\Windows\System32\gdi32full.dll
0x00007ffeaacf0000 - 0x00007ffeaad93000 	C:\Windows\System32\msvcp_win.dll
0x00007ffe9ed90000 - 0x00007ffe9ed9b000 	C:\Windows\SYSTEM32\VERSION.dll
0x00007ffeabaf0000 - 0x00007ffeabb1f000 	C:\Windows\System32\IMM32.DLL
0x00007ffea5ec0000 - 0x00007ffea5ecc000 	C:\Program Files\Java\jdk-20\bin\vcruntime140_1.dll
0x00007ffe9aeb0000 - 0x00007ffe9af3e000 	C:\Program Files\Java\jdk-20\bin\msvcp140.dll
0x00007ffe41bd0000 - 0x00007ffe42868000 	C:\Program Files\Java\jdk-20\bin\server\jvm.dll
0x00007ffea5db0000 - 0x00007ffea5dba000 	C:\Windows\SYSTEM32\WSOCK32.dll
0x00007ffea1ac0000 - 0x00007ffea1af6000 	C:\Windows\SYSTEM32\WINMM.dll
0x00007ffeac5b0000 - 0x00007ffeac624000 	C:\Windows\System32\WS2_32.dll
0x00007ffea9ae0000 - 0x00007ffea9afa000 	C:\Windows\SYSTEM32\kernel.appcore.dll
0x00007ffea1230000 - 0x00007ffea123a000 	C:\Program Files\Java\jdk-20\bin\jimage.dll
0x00007ffe9cd30000 - 0x00007ffe9cf71000 	C:\Windows\SYSTEM32\DBGHELP.DLL
0x00007ffeac630000 - 0x00007ffeac9a5000 	C:\Windows\System32\combase.dll
0x00007ffeab840000 - 0x00007ffeab916000 	C:\Windows\System32\OLEAUT32.dll
0x00007ffe9c6c0000 - 0x00007ffe9c6f9000 	C:\Windows\SYSTEM32\dbgcore.DLL
0x00007ffeab5d0000 - 0x00007ffeab669000 	C:\Windows\System32\bcryptPrimitives.dll
0x00007ffe9ae80000 - 0x00007ffe9aea6000 	C:\Program Files\Java\jdk-20\bin\java.dll

dbghelp: loaded successfully - version: 4.0.5 - missing functions: none
symbol engine: initialized successfully - sym options: 0x614 - pdb path: .;C:\Program Files\Java\jdk-20\bin;C:\Windows\SYSTEM32;C:\Windows\WinSxS\amd64_microsoft.windows.common-controls_6595b64144ccf1df_6.0.26100.1_none_fc2d3fda0fd46076;C:\Program Files\Java\jdk-20\bin\server

VM Arguments:
java_command: <unknown>
java_class_path (initial): <not set>
Launcher Type: SUN_STANDARD

[Global flags]
     intx CICompilerCount                          = 4                                         {product} {ergonomic}
     uint ConcGCThreads                            = 3                                         {product} {ergonomic}
     uint G1ConcRefinementThreads                  = 10                                        {product} {ergonomic}
   size_t G1HeapRegionSize                         = 4194304                                   {product} {ergonomic}
    uintx GCDrainStackTargetSize                   = 64                                        {product} {ergonomic}
   size_t InitialHeapSize                          = 536870912                                 {product} {ergonomic}
   size_t MarkStackSize                            = 4194304                                   {product} {ergonomic}
   size_t MaxHeapSize                              = 8531214336                                {product} {ergonomic}
   size_t MinHeapDeltaBytes                        = 4194304                                   {product} {ergonomic}
   size_t MinHeapSize                              = 8388608                                   {product} {ergonomic}
    uintx NonNMethodCodeHeapSize                   = 5839372                                {pd product} {ergonomic}
    uintx NonProfiledCodeHeapSize                  = 122909434                              {pd product} {ergonomic}
    uintx ProfiledCodeHeapSize                     = 122909434                              {pd product} {ergonomic}
    uintx ReservedCodeCacheSize                    = 251658240                              {pd product} {ergonomic}
     bool SegmentedCodeCache                       = true                                      {product} {ergonomic}
   size_t SoftMaxHeapSize                          = 8531214336                             {manageable} {ergonomic}
     bool UseCompressedClassPointers               = true                           {product lp64_product} {ergonomic}
     bool UseCompressedOops                        = true                           {product lp64_product} {ergonomic}
     bool UseG1GC                                  = true                                      {product} {ergonomic}
     bool UseLargePagesIndividualAllocation        = false                                  {pd product} {ergonomic}

Logging:
Log output configuration:
 #0: stdout all=warning uptime,level,tags foldmultilines=false
 #1: stderr all=off uptime,level,tags foldmultilines=false

Environment Variables:
PATH=D:\garmayev\Development\ReactNative\converter\node_modules\.bin;D:\garmayev\Development\ReactNative\converter\node_modules\.bin;D:\garmayev\Development\ReactNative\node_modules\.bin;D:\garmayev\Development\node_modules\.bin;D:\garmayev\node_modules\.bin;D:\node_modules\.bin;C:\Users\User\AppData\Roaming\npm\node_modules\npm\node_modules\@npmcli\run-script\lib\node-gyp-bin;D:\garmayev\Development\ReactNative\converter\node_modules\.bin;D:\garmayev\Development\ReactNative\node_modules\.bin;D:\garmayev\Development\node_modules\.bin;D:\garmayev\node_modules\.bin;D:\node_modules\.bin;C:\Users\User\AppData\Roaming\npm\node_modules\npm\node_modules\@npmcli\run-script\lib\node-gyp-bin;C:\Program Files\Git\mingw64\bin;C:\Program Files\Git\usr\bin;C:\Users\User\bin;C:\Program Files\Common Files\Oracle\Java\javapath;C:\Program Files (x86)\Common Files\Oracle\Java\java8path;C:\Program Files (x86)\Common Files\Oracle\Java\javapath;C:\Program Files (x86)\VMware\VMware Workstation\bin;C:\Python313\Scripts;C:\Python313;C:\Windows\system32;C:\Windows;C:\Windows\System32\Wbem;C:\Windows\System32\WindowsPowerShell\v1.0;C:\Windows\System32\OpenSSH;C:\Program Files\dotnet;D:\Server\bin\apache24\bin;D:\Server\bin\mysql9.2;D:\Server\bin\mysql9.2\bin;D:\Server\bin\php8.3;D:\Server\bin\php7.4;C:\Program Files\nodejs;C:\ProgramData\chocolatey\bin;C:\Program Files\Git\cmd;C:\Program Files\Git\mingw64\bin;C:\Program Files\Git\usr\bin;C:\Program Files\PuTTY;C:\ProgramData\ComposerSetup\bin;C:\Windows\system32\config\systemprofile\AppData\Local\Android\Sdk\platform-tools;C:\Program Files (x86)\Java\jre1.8.0_441\bin;C:\Users\User\AppData\Local\Android\Sdk\build-tools;C:\Users\User\AppData\Local\Android\Sdk\platform-tools;C:\Users\User\AppData\Local\Microsoft\WindowsApps;C:\Users\User\AppData\Roaming\npm;C:\Users\User\AppData\Roaming\Composer\vendor\bin;C:\Users\User\AppData\Local\Android\Sdk\platform-tools;C:\Program Files (x86)\Java\jre1.8.0_441\bin;D:\garmayev\Development\ReactNative\converter\node_modules\.bin
USERNAME=garmayev
TERM=xterm-256color
OS=Windows_NT
PROCESSOR_IDENTIFIER=Intel64 Family 6 Model 151 Stepping 2, GenuineIntel
TMP=C:\Users\User\AppData\Local\Temp
TEMP=C:\Users\User\AppData\Local\Temp




---------------  S Y S T E M  ---------------

OS:
 Windows 11 , 64 bit Build 26100 (10.0.26100.1)
OS uptime: 0 days 5:12 hours

CPU: total 12 (initial active 12) (6 cores per cpu, 2 threads per core) family 6 model 151 stepping 2 microcode 0x1e, cx8, cmov, fxsr, ht, mmx, 3dnowpref, sse, sse2, sse3, ssse3, sse4.1, sse4.2, popcnt, lzcnt, tsc, tscinvbit, avx, avx2, aes, erms, clmul, bmi1, bmi2, adx, sha, fma, vzeroupper, clflush, clflushopt, clwb, serialize, rdtscp, rdpid, fsrm, f16c, pku, cet_ibt, cet_ss

Memory: 4k page, system-wide physical 32541M (2974M free)
TotalPageFile size 61144M (AvailPageFile size 193M)
current process WorkingSet (physical memory assigned to process): 12M, peak: 12M
current process commit charge ("private bytes"): 64M, peak: 576M

vm_info: Java HotSpot(TM) 64-Bit Server VM (20.0.2+9-78) for windows-amd64 JRE (20.0.2+9-78), built on 2023-06-14T10:08:48Z by "mach5one" with MS VC++ 17.1 (VS2022)

END.
